#
# A fatal error has been detected by the Java Runtime Environment:
#
#  Internal Error (javaClasses.cpp:79), pid=5191, tid=3078519664
#  fatal error: Invalid layout of preloaded class
#
# JRE version: 6.0_23-b23
# Java VM: OpenJDK Client VM (20.0-b11 mixed mode linux-x86 )
# Derivative: IcedTea6 1.11pre
# Distribution: Ubuntu oneiric (development branch), package 6b23~pre10-0ubuntu5
# If you would like to submit a bug report, please include
# instructions how to reproduce the bug and visit:
#   https://bugs.launchpad.net/ubuntu/+source/openjdk-6/
#

---------------  T H R E A D  ---------------

Current thread (0x0860dc00):  JavaThread "Unknown thread" [_thread_in_vm, id=5192, stack(0xb7797000,0xb77e8000)]

Stack: [0xb7797000,0xb77e8000]
[error occurred during error reporting (printing stack bounds), id 0xb]


[error occurred during error reporting (printing native stack), id 0xb]


---------------  P R O C E S S  ---------------

Java Threads: ( => current thread )

Other Threads:

=>0x0860dc00 (exited) JavaThread "Unknown thread" [_thread_in_vm, id=5192, stack(0xb7797000,0xb77e8000)]

VM state:not at safepoint (normal execution)

VM Mutex/Monitor currently owned by a thread: None

Heap
 def new generation   total 4544K, used 81K [0x93d90000, 0x94270000, 0x9da30000)
  eden space 4096K,   2% used [0x93d90000, 0x93da47c0, 0x94190000)
  from space 448K,   0% used [0x94190000, 0x94190000, 0x94200000)
  to   space 448K,   0% used [0x94200000, 0x94200000, 0x94270000)
 tenured generation   total 10048K, used 0K [0x9da30000, 0x9e400000, 0xb1390000)
   the space 10048K,   0% used [0x9da30000, 0x9da30000, 0x9da30200, 0x9e400000)
 compacting perm gen  total 12288K, used 344K [0xb1390000, 0xb1f90000, 0xb5390000)
   the space 12288K,   2% used [0xb1390000, 0xb13e6250, 0xb13e6400, 0xb1f90000)
No shared spaces configured.

Code Cache  [0xb541f000, 0xb5457000, 0xb741f000)
 total_blobs=27 nmethods=0 adapters=13 free_code_cache=33336640 largest_free_block=64

Dynamic libraries:
00110000-0014e000 r-xp 00000000 08:05 811870     /usr/lib/jvm/java-6-openjdk/jre/lib/i386/libjdwp.so
0014e000-0014f000 r--p 0003d000 08:05 811870     /usr/lib/jvm/java-6-openjdk/jre/lib/i386/libjdwp.so
0014f000-00150000 rw-p 0003e000 08:05 811870     /usr/lib/jvm/java-6-openjdk/jre/lib/i386/libjdwp.so
00150000-00158000 r-xp 00000000 08:05 1072905    /lib/i386-linux-gnu/libnss_compat-2.13.so
00158000-00159000 r--p 00007000 08:05 1072905    /lib/i386-linux-gnu/libnss_compat-2.13.so
00159000-0015a000 rw-p 00008000 08:05 1072905    /lib/i386-linux-gnu/libnss_compat-2.13.so
0015a000-00164000 r-xp 00000000 08:05 1072909    /lib/i386-linux-gnu/libnss_nis-2.13.so
00164000-00165000 r--p 00009000 08:05 1072909    /lib/i386-linux-gnu/libnss_nis-2.13.so
00165000-00166000 rw-p 0000a000 08:05 1072909    /lib/i386-linux-gnu/libnss_nis-2.13.so
0016a000-002e0000 r-xp 00000000 08:05 1072898    /lib/i386-linux-gnu/libc-2.13.so
002e0000-002e2000 r--p 00176000 08:05 1072898    /lib/i386-linux-gnu/libc-2.13.so
002e2000-002e3000 rw-p 00178000 08:05 1072898    /lib/i386-linux-gnu/libc-2.13.so
002e3000-002e6000 rw-p 00000000 00:00 0 
002e6000-002fb000 r-xp 00000000 08:05 1072904    /lib/i386-linux-gnu/libnsl-2.13.so
002fb000-002fc000 r--p 00015000 08:05 1072904    /lib/i386-linux-gnu/libnsl-2.13.so
002fc000-002fd000 rw-p 00016000 08:05 1072904    /lib/i386-linux-gnu/libnsl-2.13.so
002fd000-002ff000 rw-p 00000000 00:00 0 
00353000-00379000 r-xp 00000000 08:05 811864     /usr/lib/jvm/java-6-openjdk/jre/lib/i386/libjava.so
00379000-0037a000 r--p 00025000 08:05 811864     /usr/lib/jvm/java-6-openjdk/jre/lib/i386/libjava.so
0037a000-0037c000 rw-p 00026000 08:05 811864     /usr/lib/jvm/java-6-openjdk/jre/lib/i386/libjava.so
0038e000-0046c000 r-xp 00000000 08:05 1611067    /usr/lib/i386-linux-gnu/libstdc++.so.6.0.16
0046c000-0046d000 ---p 000de000 08:05 1611067    /usr/lib/i386-linux-gnu/libstdc++.so.6.0.16
0046d000-00471000 r--p 000de000 08:05 1611067    /usr/lib/i386-linux-gnu/libstdc++.so.6.0.16
00471000-00472000 rw-p 000e2000 08:05 1611067    /usr/lib/i386-linux-gnu/libstdc++.so.6.0.16
00472000-00479000 rw-p 00000000 00:00 0 
0048d000-00498000 r-xp 00000000 08:05 811893     /usr/lib/jvm/java-6-openjdk/jre/lib/i386/libverify.so
00498000-00499000 ---p 0000b000 08:05 811893     /usr/lib/jvm/java-6-openjdk/jre/lib/i386/libverify.so
00499000-0049a000 r--p 0000b000 08:05 811893     /usr/lib/jvm/java-6-openjdk/jre/lib/i386/libverify.so
0049a000-0049b000 rw-p 0000c000 08:05 811893     /usr/lib/jvm/java-6-openjdk/jre/lib/i386/libverify.so
006b1000-006b2000 r-xp 00000000 00:00 0          [vdso]
007d1000-007dc000 r-xp 00000000 08:05 1072907    /lib/i386-linux-gnu/libnss_files-2.13.so
007dc000-007dd000 r--p 0000a000 08:05 1072907    /lib/i386-linux-gnu/libnss_files-2.13.so
007dd000-007de000 rw-p 0000b000 08:05 1072907    /lib/i386-linux-gnu/libnss_files-2.13.so
00835000-00851000 r-xp 00000000 08:05 1072894    /lib/i386-linux-gnu/libgcc_s.so.1
00851000-00852000 r--p 0001b000 08:05 1072894    /lib/i386-linux-gnu/libgcc_s.so.1
00852000-00853000 rw-p 0001c000 08:05 1072894    /lib/i386-linux-gnu/libgcc_s.so.1
00890000-008a7000 r-xp 00000000 08:05 1072912    /lib/i386-linux-gnu/libpthread-2.13.so
008a7000-008a8000 r--p 00016000 08:05 1072912    /lib/i386-linux-gnu/libpthread-2.13.so
008a8000-008a9000 rw-p 00017000 08:05 1072912    /lib/i386-linux-gnu/libpthread-2.13.so
008a9000-008ab000 rw-p 00000000 00:00 0 
008d9000-008dc000 r-xp 00000000 08:05 1072901    /lib/i386-linux-gnu/libdl-2.13.so
008dc000-008dd000 r--p 00002000 08:05 1072901    /lib/i386-linux-gnu/libdl-2.13.so
008dd000-008de000 rw-p 00003000 08:05 1072901    /lib/i386-linux-gnu/libdl-2.13.so
0097f000-00986000 r-xp 00000000 08:05 811894     /usr/lib/jvm/java-6-openjdk/jre/lib/i386/libzip.so
00986000-00987000 r--p 00006000 08:05 811894     /usr/lib/jvm/java-6-openjdk/jre/lib/i386/libzip.so
00987000-00988000 rw-p 00007000 08:05 811894     /usr/lib/jvm/java-6-openjdk/jre/lib/i386/libzip.so
00992000-00995000 r-xp 00000000 08:05 811888     /usr/lib/jvm/java-6-openjdk/jre/lib/i386/libnpt.so
00995000-00996000 r--p 00002000 08:05 811888     /usr/lib/jvm/java-6-openjdk/jre/lib/i386/libnpt.so
00996000-00997000 rw-p 00003000 08:05 811888     /usr/lib/jvm/java-6-openjdk/jre/lib/i386/libnpt.so
009c2000-009c9000 r-xp 00000000 08:05 1072914    /lib/i386-linux-gnu/librt-2.13.so
009c9000-009ca000 r--p 00006000 08:05 1072914    /lib/i386-linux-gnu/librt-2.13.so
009ca000-009cb000 rw-p 00007000 08:05 1072914    /lib/i386-linux-gnu/librt-2.13.so
00a07000-00a2f000 r-xp 00000000 08:05 1072902    /lib/i386-linux-gnu/libm-2.13.so
00a2f000-00a30000 r--p 00028000 08:05 1072902    /lib/i386-linux-gnu/libm-2.13.so
00a30000-00a31000 rw-p 00029000 08:05 1072902    /lib/i386-linux-gnu/libm-2.13.so
00d35000-00d39000 r-xp 00000000 08:05 811840     /usr/lib/jvm/java-6-openjdk/jre/lib/i386/jli/libjli.so
00d39000-00d3a000 r--p 00003000 08:05 811840     /usr/lib/jvm/java-6-openjdk/jre/lib/i386/jli/libjli.so
00d3a000-00d3b000 rw-p 00004000 08:05 811840     /usr/lib/jvm/java-6-openjdk/jre/lib/i386/jli/libjli.so
00d51000-00d64000 r-xp 00000000 08:05 1046589    /lib/i386-linux-gnu/libz.so.1.2.3.4
00d64000-00d65000 r--p 00012000 08:05 1046589    /lib/i386-linux-gnu/libz.so.1.2.3.4
00d65000-00d66000 rw-p 00013000 08:05 1046589    /lib/i386-linux-gnu/libz.so.1.2.3.4
00dca000-00de8000 r-xp 00000000 08:05 1072895    /lib/i386-linux-gnu/ld-2.13.so
00de8000-00de9000 r--p 0001d000 08:05 1072895    /lib/i386-linux-gnu/ld-2.13.so
00de9000-00dea000 rw-p 0001e000 08:05 1072895    /lib/i386-linux-gnu/ld-2.13.so
00dea000-012fd000 r-xp 00000000 08:05 790265     /usr/lib/jvm/java-6-openjdk/jre/lib/i386/client/libjvm.so
012fd000-01314000 r--p 00512000 08:05 790265     /usr/lib/jvm/java-6-openjdk/jre/lib/i386/client/libjvm.so
01314000-01321000 rw-p 00529000 08:05 790265     /usr/lib/jvm/java-6-openjdk/jre/lib/i386/client/libjvm.so
01321000-01739000 rw-p 00000000 00:00 0 
08048000-08051000 r-xp 00000000 08:05 945264     /usr/lib/jvm/java-6-openjdk/jre/bin/java
08051000-08052000 r--p 00008000 08:05 945264     /usr/lib/jvm/java-6-openjdk/jre/bin/java
08052000-08053000 rw-p 00009000 08:05 945264     /usr/lib/jvm/java-6-openjdk/jre/bin/java
08605000-08667000 rw-p 00000000 00:00 0          [heap]
939e6000-939e8000 r--s 00009000 08:06 1183366    /home/tiago/lejos_nxj/lib/pc/3rdparty/commons-cli.jar
939e8000-939f2000 r--s 00079000 08:06 1183332    /home/tiago/lejos_nxj/lib/pc/3rdparty/bcel.jar
939f2000-939f3000 r--s 00015000 08:06 1183349    /home/tiago/lejos_nxj/lib/pc/3rdparty/bluecove-gpl.jar
939f3000-939f8000 r--s 00081000 08:06 1183365    /home/tiago/lejos_nxj/lib/pc/3rdparty/bluecove.jar
939f8000-939fa000 r--s 00015000 08:06 1183370    /home/tiago/lejos_nxj/lib/pc/jtools.jar
939fa000-93a00000 r--s 00042000 08:06 1183518    /home/tiago/lejos_nxj/lib/pc/pccomm.jar
93a00000-93a03000 r--s 00028000 08:06 1183561    /home/tiago/lejos_nxj/lib/pc/pctools.jar
93a03000-93a36000 rw-p 00000000 00:00 0 
93a36000-93bc6000 r--s 037b6000 08:05 787039     /usr/lib/jvm/java-6-openjdk/jre/lib/rt.jar
93bc6000-93bcd000 rw-p 00000000 00:00 0 
93bcd000-93be7000 rw-p 00000000 00:00 0 
93be7000-93bec000 rw-p 00000000 00:00 0 
93bec000-93c84000 rw-p 00000000 00:00 0 
93c84000-93c87000 rw-p 00000000 00:00 0 
93c87000-93cd2000 rw-p 00000000 00:00 0 
93cd2000-93cd8000 rw-p 00000000 00:00 0 
93cd8000-93d6f000 rw-p 00000000 00:00 0 
93d6f000-93d75000 rw-p 00000000 00:00 0 
93d75000-93d8f000 rw-p 00000000 00:00 0 
93d8f000-94270000 rw-p 00000000 00:00 0 
94270000-9da30000 rw-p 00000000 00:00 0 
9da30000-9e400000 rw-p 00000000 00:00 0 
9e400000-b1390000 rw-p 00000000 00:00 0 
b1390000-b1f90000 rw-p 00000000 00:00 0 
b1f90000-b5390000 rw-p 00000000 00:00 0 
b539f000-b53a0000 rw-p 00000000 00:00 0 
b53a0000-b541f000 rw-p 00000000 00:00 0 
b541f000-b5457000 rwxp 00000000 00:00 0 
b5457000-b741f000 rw-p 00000000 00:00 0 
b741f000-b7427000 rw-s 00000000 08:05 561180     /tmp/hsperfdata_tiago/5191
b7427000-b7597000 r--p 002a8000 08:05 1572584    /usr/lib/locale/locale-archive
b7597000-b7797000 r--p 00000000 08:05 1572584    /usr/lib/locale/locale-archive
b7797000-b779a000 ---p 00000000 00:00 0 
b779a000-b77eb000 rw-p 00000000 00:00 0 
b77fc000-b7809000 r--s 0009b000 08:06 1183319    /home/tiago/lejos_nxj/lib/nxt/classes.jar
b7809000-b780a000 r--p 002a6000 08:05 1572584    /usr/lib/locale/locale-archive
b780a000-b780b000 rw-p 00000000 00:00 0 
b780b000-b780c000 r--p 00000000 00:00 0 
b780c000-b780e000 rw-p 00000000 00:00 0 
bfdc9000-bfdea000 rw-p 00000000 00:00 0          [stack]

VM Arguments:
jvm_args: -agentlib:jdwp=transport=dt_socket,suspend=y,address=localhost:41635 -Dfile.encoding=UTF-8 -Xbootclasspath/p:/home/tiago/lejos_nxj/lib/nxt/classes.jar -Xbootclasspath/a:/home/tiago/lejos_nxj/lib/pc/pctools.jar:/home/tiago/lejos_nxj/lib/pc/pccomm.jar:/home/tiago/lejos_nxj/lib/pc/jtools.jar:/home/tiago/lejos_nxj/lib/pc/3rdparty/bluecove.jar:/home/tiago/lejos_nxj/lib/pc/3rdparty/bluecove-gpl.jar:/home/tiago/lejos_nxj/lib/pc/3rdparty/bcel.jar:/home/tiago/lejos_nxj/lib/pc/3rdparty/commons-cli.jar 
java_command: NXTremoteControl_TA
Launcher Type: SUN_STANDARD

Environment Variables:
PATH=/home/tiago/bin:/usr/lib/lightdm/lightdm:/usr/local/sbin:/usr/local/bin:/usr/sbin:/usr/bin:/sbin:/bin:/usr/games
USERNAME=tiago
LD_LIBRARY_PATH=/usr/lib/jvm/java-6-openjdk/jre/lib/i386/client:/usr/lib/jvm/java-6-openjdk/jre/lib/i386:/usr/lib/jvm/java-6-openjdk/jre/../lib/i386:/usr/lib/jvm/java-6-openjdk/jre/lib/i386/client:/usr/lib/jvm/java-6-openjdk/jre/lib/i386:
SHELL=/bin/bash
DISPLAY=:0.0

Signal Handlers:
SIGSEGV: [libjvm.so+0x3e3640], sa_mask[0]=0x7ffbfeff, sa_flags=0x10000004
SIGBUS: [libjvm.so+0x3e3640], sa_mask[0]=0x7ffbfeff, sa_flags=0x10000004
SIGFPE: [libjvm.so+0x300e10], sa_mask[0]=0x7ffbfeff, sa_flags=0x10000004
SIGPIPE: [libjvm.so+0x300e10], sa_mask[0]=0x7ffbfeff, sa_flags=0x10000004
SIGXFSZ: [libjvm.so+0x300e10], sa_mask[0]=0x7ffbfeff, sa_flags=0x10000004
SIGILL: [libjvm.so+0x300e10], sa_mask[0]=0x7ffbfeff, sa_flags=0x10000004
SIGUSR1: SIG_DFL, sa_mask[0]=0x00000000, sa_flags=0x00000000
SIGUSR2: [libjvm.so+0x300ca0], sa_mask[0]=0x00000004, sa_flags=0x10000004
SIGHUP: SIG_DFL, sa_mask[0]=0x00000000, sa_flags=0x00000000
SIGINT: SIG_DFL, sa_mask[0]=0x00000000, sa_flags=0x00000000
SIGTERM: SIG_DFL, sa_mask[0]=0x00000000, sa_flags=0x00000000
SIGQUIT: SIG_DFL, sa_mask[0]=0x00000000, sa_flags=0x00000000


---------------  S Y S T E M  ---------------

OS:Ubuntu 11.10 (oneiric)
uname:Linux 3.0.0-12-generic #20-Ubuntu SMP Fri Oct 7 14:50:42 UTC 2011 i686
libc:glibc 2.13 NPTL 2.13 
rlimit: STACK 8192k, CORE 0k, NPROC 7382, NOFILE 4096, AS infinity
load average:0,17 0,17 0,31

/proc/meminfo:
MemTotal:         959008 kB
MemFree:           77964 kB
Buffers:            3252 kB
Cached:           115200 kB
SwapCached:        64904 kB
Active:           380788 kB
Inactive:         384808 kB
Active(anon):     325128 kB
Inactive(anon):   331464 kB
Active(file):      55660 kB
Inactive(file):    53344 kB
Unevictable:          16 kB
Mlocked:              16 kB
HighTotal:        137736 kB
HighFree:           1800 kB
LowTotal:         821272 kB
LowFree:           76164 kB
SwapTotal:        716796 kB
SwapFree:         437804 kB
Dirty:               148 kB
Writeback:           100 kB
AnonPages:        604480 kB
Mapped:            66684 kB
Shmem:              9392 kB
Slab:              25460 kB
SReclaimable:      10776 kB
SUnreclaim:        14684 kB
KernelStack:        3224 kB
PageTables:        10092 kB
NFS_Unstable:          0 kB
Bounce:                0 kB
WritebackTmp:          0 kB
CommitLimit:     1196300 kB
Committed_AS:    2994592 kB
VmallocTotal:     122880 kB
VmallocUsed:       35468 kB
VmallocChunk:      81032 kB
HardwareCorrupted:     0 kB
AnonHugePages:         0 kB
HugePages_Total:       0
HugePages_Free:        0
HugePages_Rsvd:        0
HugePages_Surp:        0
Hugepagesize:       4096 kB
DirectMap4k:      126968 kB
DirectMap4M:      782336 kB


CPU:total 2 (2 cores per cpu, 1 threads per core) family 6 model 14 stepping 8, cmov, cx8, fxsr, mmx, sse, sse2, sse3

Memory: 4k page, physical 959008k(77964k free), swap 716796k(437804k free)

vm_info: OpenJDK Client VM (20.0-b11) for linux-x86 JRE (1.6.0_23-b23), built on Oct  4 2011 14:32:59 by "buildd" with gcc 4.6.1

time: Mon Feb  6 13:41:54 2012
elapsed time: 0 seconds

