#
# A fatal error has been detected by the Java Runtime Environment:
#
#  Internal Error (javaClasses.cpp:79), pid=5376, tid=3078519664
#  fatal error: Invalid layout of preloaded class
#
# JRE version: 6.0_23-b23
# Java VM: OpenJDK Client VM (20.0-b11 mixed mode linux-x86 )
# Derivative: IcedTea6 1.11pre
# Distribution: Ubuntu oneiric (development branch), package 6b23~pre10-0ubuntu5
# If you would like to submit a bug report, please include
# instructions how to reproduce the bug and visit:
#   https://bugs.launchpad.net/ubuntu/+source/openjdk-6/
#

---------------  T H R E A D  ---------------

Current thread (0x09647800):  JavaThread "Unknown thread" [_thread_in_vm, id=5381, stack(0xb7797000,0xb77e8000)]

Stack: [0xb7797000,0xb77e8000]
[error occurred during error reporting (printing stack bounds), id 0xb]


[error occurred during error reporting (printing native stack), id 0xb]


---------------  P R O C E S S  ---------------

Java Threads: ( => current thread )

Other Threads:

=>0x09647800 (exited) JavaThread "Unknown thread" [_thread_in_vm, id=5381, stack(0xb7797000,0xb77e8000)]

VM state:not at safepoint (normal execution)

VM Mutex/Monitor currently owned by a thread: None

Heap
 def new generation   total 4544K, used 81K [0x94110000, 0x945f0000, 0x9ddb0000)
  eden space 4096K,   2% used [0x94110000, 0x941247c0, 0x94510000)
  from space 448K,   0% used [0x94510000, 0x94510000, 0x94580000)
  to   space 448K,   0% used [0x94580000, 0x94580000, 0x945f0000)
 tenured generation   total 10048K, used 0K [0x9ddb0000, 0x9e780000, 0xb1710000)
   the space 10048K,   0% used [0x9ddb0000, 0x9ddb0000, 0x9ddb0200, 0x9e780000)
 compacting perm gen  total 12288K, used 339K [0xb1710000, 0xb2310000, 0xb5710000)
   the space 12288K,   2% used [0xb1710000, 0xb1764fe8, 0xb1765000, 0xb2310000)
No shared spaces configured.

Code Cache  [0xb5797000, 0xb57cf000, 0xb7797000)
 total_blobs=27 nmethods=0 adapters=13 free_code_cache=33336640 largest_free_block=64

Dynamic libraries:
00110000-00117000 r-xp 00000000 08:05 1072914    /lib/i386-linux-gnu/librt-2.13.so
00117000-00118000 r--p 00006000 08:05 1072914    /lib/i386-linux-gnu/librt-2.13.so
00118000-00119000 rw-p 00007000 08:05 1072914    /lib/i386-linux-gnu/librt-2.13.so
00123000-0013a000 r-xp 00000000 08:05 1072912    /lib/i386-linux-gnu/libpthread-2.13.so
0013a000-0013b000 r--p 00016000 08:05 1072912    /lib/i386-linux-gnu/libpthread-2.13.so
0013b000-0013c000 rw-p 00017000 08:05 1072912    /lib/i386-linux-gnu/libpthread-2.13.so
0013c000-0013e000 rw-p 00000000 00:00 0 
0013e000-002b4000 r-xp 00000000 08:05 1072898    /lib/i386-linux-gnu/libc-2.13.so
002b4000-002b6000 r--p 00176000 08:05 1072898    /lib/i386-linux-gnu/libc-2.13.so
002b6000-002b7000 rw-p 00178000 08:05 1072898    /lib/i386-linux-gnu/libc-2.13.so
002b7000-002ba000 rw-p 00000000 00:00 0 
002ba000-002c4000 r-xp 00000000 08:05 1072909    /lib/i386-linux-gnu/libnss_nis-2.13.so
002c4000-002c5000 r--p 00009000 08:05 1072909    /lib/i386-linux-gnu/libnss_nis-2.13.so
002c5000-002c6000 rw-p 0000a000 08:05 1072909    /lib/i386-linux-gnu/libnss_nis-2.13.so
00315000-00319000 r-xp 00000000 08:05 811840     /usr/lib/jvm/java-6-openjdk/jre/lib/i386/jli/libjli.so
00319000-0031a000 r--p 00003000 08:05 811840     /usr/lib/jvm/java-6-openjdk/jre/lib/i386/jli/libjli.so
0031a000-0031b000 rw-p 00004000 08:05 811840     /usr/lib/jvm/java-6-openjdk/jre/lib/i386/jli/libjli.so
004b5000-004c0000 r-xp 00000000 08:05 811893     /usr/lib/jvm/java-6-openjdk/jre/lib/i386/libverify.so
004c0000-004c1000 ---p 0000b000 08:05 811893     /usr/lib/jvm/java-6-openjdk/jre/lib/i386/libverify.so
004c1000-004c2000 r--p 0000b000 08:05 811893     /usr/lib/jvm/java-6-openjdk/jre/lib/i386/libverify.so
004c2000-004c3000 rw-p 0000c000 08:05 811893     /usr/lib/jvm/java-6-openjdk/jre/lib/i386/libverify.so
005f5000-006d3000 r-xp 00000000 08:05 1611067    /usr/lib/i386-linux-gnu/libstdc++.so.6.0.16
006d3000-006d4000 ---p 000de000 08:05 1611067    /usr/lib/i386-linux-gnu/libstdc++.so.6.0.16
006d4000-006d8000 r--p 000de000 08:05 1611067    /usr/lib/i386-linux-gnu/libstdc++.so.6.0.16
006d8000-006d9000 rw-p 000e2000 08:05 1611067    /usr/lib/i386-linux-gnu/libstdc++.so.6.0.16
006d9000-006e0000 rw-p 00000000 00:00 0 
00719000-0072c000 r-xp 00000000 08:05 1046589    /lib/i386-linux-gnu/libz.so.1.2.3.4
0072c000-0072d000 r--p 00012000 08:05 1046589    /lib/i386-linux-gnu/libz.so.1.2.3.4
0072d000-0072e000 rw-p 00013000 08:05 1046589    /lib/i386-linux-gnu/libz.so.1.2.3.4
007ab000-007b2000 r-xp 00000000 08:05 811894     /usr/lib/jvm/java-6-openjdk/jre/lib/i386/libzip.so
007b2000-007b3000 r--p 00006000 08:05 811894     /usr/lib/jvm/java-6-openjdk/jre/lib/i386/libzip.so
007b3000-007b4000 rw-p 00007000 08:05 811894     /usr/lib/jvm/java-6-openjdk/jre/lib/i386/libzip.so
0083b000-00846000 r-xp 00000000 08:05 1072907    /lib/i386-linux-gnu/libnss_files-2.13.so
00846000-00847000 r--p 0000a000 08:05 1072907    /lib/i386-linux-gnu/libnss_files-2.13.so
00847000-00848000 rw-p 0000b000 08:05 1072907    /lib/i386-linux-gnu/libnss_files-2.13.so
00867000-00885000 r-xp 00000000 08:05 1072895    /lib/i386-linux-gnu/ld-2.13.so
00885000-00886000 r--p 0001d000 08:05 1072895    /lib/i386-linux-gnu/ld-2.13.so
00886000-00887000 rw-p 0001e000 08:05 1072895    /lib/i386-linux-gnu/ld-2.13.so
00895000-008aa000 r-xp 00000000 08:05 1072904    /lib/i386-linux-gnu/libnsl-2.13.so
008aa000-008ab000 r--p 00015000 08:05 1072904    /lib/i386-linux-gnu/libnsl-2.13.so
008ab000-008ac000 rw-p 00016000 08:05 1072904    /lib/i386-linux-gnu/libnsl-2.13.so
008ac000-008ae000 rw-p 00000000 00:00 0 
0091f000-00947000 r-xp 00000000 08:05 1072902    /lib/i386-linux-gnu/libm-2.13.so
00947000-00948000 r--p 00028000 08:05 1072902    /lib/i386-linux-gnu/libm-2.13.so
00948000-00949000 rw-p 00029000 08:05 1072902    /lib/i386-linux-gnu/libm-2.13.so
00ae4000-00ae7000 r-xp 00000000 08:05 1072901    /lib/i386-linux-gnu/libdl-2.13.so
00ae7000-00ae8000 r--p 00002000 08:05 1072901    /lib/i386-linux-gnu/libdl-2.13.so
00ae8000-00ae9000 rw-p 00003000 08:05 1072901    /lib/i386-linux-gnu/libdl-2.13.so
00b75000-00b9b000 r-xp 00000000 08:05 811864     /usr/lib/jvm/java-6-openjdk/jre/lib/i386/libjava.so
00b9b000-00b9c000 r--p 00025000 08:05 811864     /usr/lib/jvm/java-6-openjdk/jre/lib/i386/libjava.so
00b9c000-00b9e000 rw-p 00026000 08:05 811864     /usr/lib/jvm/java-6-openjdk/jre/lib/i386/libjava.so
00ba8000-00bc4000 r-xp 00000000 08:05 1072894    /lib/i386-linux-gnu/libgcc_s.so.1
00bc4000-00bc5000 r--p 0001b000 08:05 1072894    /lib/i386-linux-gnu/libgcc_s.so.1
00bc5000-00bc6000 rw-p 0001c000 08:05 1072894    /lib/i386-linux-gnu/libgcc_s.so.1
00e97000-00e9f000 r-xp 00000000 08:05 1072905    /lib/i386-linux-gnu/libnss_compat-2.13.so
00e9f000-00ea0000 r--p 00007000 08:05 1072905    /lib/i386-linux-gnu/libnss_compat-2.13.so
00ea0000-00ea1000 rw-p 00008000 08:05 1072905    /lib/i386-linux-gnu/libnss_compat-2.13.so
00eec000-00eed000 r-xp 00000000 00:00 0          [vdso]
00eed000-01400000 r-xp 00000000 08:05 790265     /usr/lib/jvm/java-6-openjdk/jre/lib/i386/client/libjvm.so
01400000-01417000 r--p 00512000 08:05 790265     /usr/lib/jvm/java-6-openjdk/jre/lib/i386/client/libjvm.so
01417000-01424000 rw-p 00529000 08:05 790265     /usr/lib/jvm/java-6-openjdk/jre/lib/i386/client/libjvm.so
01424000-0183c000 rw-p 00000000 00:00 0 
08048000-08051000 r-xp 00000000 08:05 945264     /usr/lib/jvm/java-6-openjdk/jre/bin/java
08051000-08052000 r--p 00008000 08:05 945264     /usr/lib/jvm/java-6-openjdk/jre/bin/java
08052000-08053000 rw-p 00009000 08:05 945264     /usr/lib/jvm/java-6-openjdk/jre/bin/java
09640000-096a1000 rw-p 00000000 00:00 0          [heap]
93d66000-93d68000 r--s 00009000 08:06 1183366    /home/tiago/lejos_nxj/lib/pc/3rdparty/commons-cli.jar
93d68000-93d72000 r--s 00079000 08:06 1183332    /home/tiago/lejos_nxj/lib/pc/3rdparty/bcel.jar
93d72000-93d73000 r--s 00015000 08:06 1183349    /home/tiago/lejos_nxj/lib/pc/3rdparty/bluecove-gpl.jar
93d73000-93d78000 r--s 00081000 08:06 1183365    /home/tiago/lejos_nxj/lib/pc/3rdparty/bluecove.jar
93d78000-93d7a000 r--s 00015000 08:06 1183370    /home/tiago/lejos_nxj/lib/pc/jtools.jar
93d7a000-93d80000 r--s 00042000 08:06 1183518    /home/tiago/lejos_nxj/lib/pc/pccomm.jar
93d80000-93d83000 r--s 00028000 08:06 1183561    /home/tiago/lejos_nxj/lib/pc/pctools.jar
93d83000-93db6000 rw-p 00000000 00:00 0 
93db6000-93f46000 r--s 037b6000 08:05 787039     /usr/lib/jvm/java-6-openjdk/jre/lib/rt.jar
93f46000-93f4d000 rw-p 00000000 00:00 0 
93f4d000-93f67000 rw-p 00000000 00:00 0 
93f67000-93f6c000 rw-p 00000000 00:00 0 
93f6c000-94004000 rw-p 00000000 00:00 0 
94004000-94007000 rw-p 00000000 00:00 0 
94007000-94052000 rw-p 00000000 00:00 0 
94052000-94058000 rw-p 00000000 00:00 0 
94058000-940ef000 rw-p 00000000 00:00 0 
940ef000-940f5000 rw-p 00000000 00:00 0 
940f5000-9410f000 rw-p 00000000 00:00 0 
9410f000-945f0000 rw-p 00000000 00:00 0 
945f0000-9ddb0000 rw-p 00000000 00:00 0 
9ddb0000-9e780000 rw-p 00000000 00:00 0 
9e780000-b1710000 rw-p 00000000 00:00 0 
b1710000-b2310000 rw-p 00000000 00:00 0 
b2310000-b5710000 rw-p 00000000 00:00 0 
b5717000-b5718000 rw-p 00000000 00:00 0 
b5718000-b5797000 rw-p 00000000 00:00 0 
b5797000-b57cf000 rwxp 00000000 00:00 0 
b57cf000-b7797000 rw-p 00000000 00:00 0 
b7797000-b779a000 ---p 00000000 00:00 0 
b779a000-b77eb000 rw-p 00000000 00:00 0 
b77f5000-b7802000 r--s 0009b000 08:06 1183319    /home/tiago/lejos_nxj/lib/nxt/classes.jar
b7802000-b780a000 rw-s 00000000 08:05 561182     /tmp/hsperfdata_tiago/5376
b780a000-b780b000 rw-p 00000000 00:00 0 
b780b000-b780c000 r--p 00000000 00:00 0 
b780c000-b780e000 rw-p 00000000 00:00 0 
bfbfb000-bfc1c000 rw-p 00000000 00:00 0          [stack]

VM Arguments:
jvm_args: -Dfile.encoding=UTF-8 -Xbootclasspath/p:/home/tiago/lejos_nxj/lib/nxt/classes.jar -Xbootclasspath/a:/home/tiago/lejos_nxj/lib/pc/pctools.jar:/home/tiago/lejos_nxj/lib/pc/pccomm.jar:/home/tiago/lejos_nxj/lib/pc/jtools.jar:/home/tiago/lejos_nxj/lib/pc/3rdparty/bluecove.jar:/home/tiago/lejos_nxj/lib/pc/3rdparty/bluecove-gpl.jar:/home/tiago/lejos_nxj/lib/pc/3rdparty/bcel.jar:/home/tiago/lejos_nxj/lib/pc/3rdparty/commons-cli.jar 
java_command: NXTremoteControl_TA
Launcher Type: SUN_STANDARD

Environment Variables:
PATH=/home/tiago/bin:/usr/lib/lightdm/lightdm:/usr/local/sbin:/usr/local/bin:/usr/sbin:/usr/bin:/sbin:/bin:/usr/games
USERNAME=tiago
LD_LIBRARY_PATH=/usr/lib/jvm/java-6-openjdk/jre/lib/i386/client:/usr/lib/jvm/java-6-openjdk/jre/lib/i386:/usr/lib/jvm/java-6-openjdk/jre/../lib/i386:/usr/lib/jvm/java-6-openjdk/jre/lib/i386/client:/usr/lib/jvm/java-6-openjdk/jre/lib/i386:
SHELL=/bin/bash
DISPLAY=:0.0

Signal Handlers:
SIGSEGV: [libjvm.so+0x3e3640], sa_mask[0]=0x7ffbfeff, sa_flags=0x10000004
SIGBUS: [libjvm.so+0x3e3640], sa_mask[0]=0x7ffbfeff, sa_flags=0x10000004
SIGFPE: [libjvm.so+0x300e10], sa_mask[0]=0x7ffbfeff, sa_flags=0x10000004
SIGPIPE: [libjvm.so+0x300e10], sa_mask[0]=0x7ffbfeff, sa_flags=0x10000004
SIGXFSZ: [libjvm.so+0x300e10], sa_mask[0]=0x7ffbfeff, sa_flags=0x10000004
SIGILL: [libjvm.so+0x300e10], sa_mask[0]=0x7ffbfeff, sa_flags=0x10000004
SIGUSR1: SIG_DFL, sa_mask[0]=0x00000000, sa_flags=0x00000000
SIGUSR2: [libjvm.so+0x300ca0], sa_mask[0]=0x00000004, sa_flags=0x10000004
SIGHUP: SIG_DFL, sa_mask[0]=0x00000000, sa_flags=0x00000000
SIGINT: SIG_DFL, sa_mask[0]=0x00000000, sa_flags=0x00000000
SIGTERM: SIG_DFL, sa_mask[0]=0x00000000, sa_flags=0x00000000
SIGQUIT: SIG_DFL, sa_mask[0]=0x00000000, sa_flags=0x00000000


---------------  S Y S T E M  ---------------

OS:Ubuntu 11.10 (oneiric)
uname:Linux 3.0.0-12-generic #20-Ubuntu SMP Fri Oct 7 14:50:42 UTC 2011 i686
libc:glibc 2.13 NPTL 2.13 
rlimit: STACK 8192k, CORE 0k, NPROC 7382, NOFILE 4096, AS infinity
load average:5.22 3.04 1.45

/proc/meminfo:
MemTotal:         959008 kB
MemFree:           68384 kB
Buffers:           17728 kB
Cached:           118576 kB
SwapCached:        69308 kB
Active:           359056 kB
Inactive:         421264 kB
Active(anon):     315220 kB
Inactive(anon):   333520 kB
Active(file):      43836 kB
Inactive(file):    87744 kB
Unevictable:          16 kB
Mlocked:              16 kB
HighTotal:        137736 kB
HighFree:           1784 kB
LowTotal:         821272 kB
LowFree:           66600 kB
SwapTotal:        716796 kB
SwapFree:         413448 kB
Dirty:               276 kB
Writeback:          1312 kB
AnonPages:        597760 kB
Mapped:            39872 kB
Shmem:              4600 kB
Slab:              26600 kB
SReclaimable:      11736 kB
SUnreclaim:        14864 kB
KernelStack:        3352 kB
PageTables:        10208 kB
NFS_Unstable:          0 kB
Bounce:                0 kB
WritebackTmp:          0 kB
CommitLimit:     1196300 kB
Committed_AS:    3038136 kB
VmallocTotal:     122880 kB
VmallocUsed:       35444 kB
VmallocChunk:      81032 kB
HardwareCorrupted:     0 kB
AnonHugePages:         0 kB
HugePages_Total:       0
HugePages_Free:        0
HugePages_Rsvd:        0
HugePages_Surp:        0
Hugepagesize:       4096 kB
DirectMap4k:      126968 kB
DirectMap4M:      782336 kB


CPU:total 2 (2 cores per cpu, 1 threads per core) family 6 model 14 stepping 8, cmov, cx8, fxsr, mmx, sse, sse2, sse3

Memory: 4k page, physical 959008k(68384k free), swap 716796k(413448k free)

vm_info: OpenJDK Client VM (20.0-b11) for linux-x86 JRE (1.6.0_23-b23), built on Oct  4 2011 14:32:59 by "buildd" with gcc 4.6.1

time: Mon Feb  6 13:50:06 2012
elapsed time: 3 seconds

