#
# A fatal error has been detected by the Java Runtime Environment:
#
#  Internal Error (javaClasses.cpp:79), pid=5273, tid=3077704560
#  fatal error: Invalid layout of preloaded class
#
# JRE version: 6.0_23-b23
# Java VM: OpenJDK Client VM (20.0-b11 mixed mode linux-x86 )
# Derivative: IcedTea6 1.11pre
# Distribution: Ubuntu oneiric (development branch), package 6b23~pre10-0ubuntu5
# If you would like to submit a bug report, please include
# instructions how to reproduce the bug and visit:
#   https://bugs.launchpad.net/ubuntu/+source/openjdk-6/
#

---------------  T H R E A D  ---------------

Current thread (0x09717800):  JavaThread "Unknown thread" [_thread_in_vm, id=5278, stack(0xb76d0000,0xb7721000)]

Stack: [0xb76d0000,0xb7721000]
[error occurred during error reporting (printing stack bounds), id 0xb]


[error occurred during error reporting (printing native stack), id 0xb]


---------------  P R O C E S S  ---------------

Java Threads: ( => current thread )

Other Threads:

=>0x09717800 (exited) JavaThread "Unknown thread" [_thread_in_vm, id=5278, stack(0xb76d0000,0xb7721000)]

VM state:not at safepoint (normal execution)

VM Mutex/Monitor currently owned by a thread: None

Heap
 def new generation   total 4544K, used 81K [0x94050000, 0x94530000, 0x9dcf0000)
  eden space 4096K,   2% used [0x94050000, 0x940647c0, 0x94450000)
  from space 448K,   0% used [0x94450000, 0x94450000, 0x944c0000)
  to   space 448K,   0% used [0x944c0000, 0x944c0000, 0x94530000)
 tenured generation   total 10048K, used 0K [0x9dcf0000, 0x9e6c0000, 0xb1650000)
   the space 10048K,   0% used [0x9dcf0000, 0x9dcf0000, 0x9dcf0200, 0x9e6c0000)
 compacting perm gen  total 12288K, used 339K [0xb1650000, 0xb2250000, 0xb5650000)
   the space 12288K,   2% used [0xb1650000, 0xb16a4fe8, 0xb16a5000, 0xb2250000)
No shared spaces configured.

Code Cache  [0xb56d0000, 0xb5708000, 0xb76d0000)
 total_blobs=27 nmethods=0 adapters=13 free_code_cache=33336640 largest_free_block=64

Dynamic libraries:
00127000-00143000 r-xp 00000000 08:05 1072894    /lib/i386-linux-gnu/libgcc_s.so.1
00143000-00144000 r--p 0001b000 08:05 1072894    /lib/i386-linux-gnu/libgcc_s.so.1
00144000-00145000 rw-p 0001c000 08:05 1072894    /lib/i386-linux-gnu/libgcc_s.so.1
00145000-0015a000 r-xp 00000000 08:05 1072904    /lib/i386-linux-gnu/libnsl-2.13.so
0015a000-0015b000 r--p 00015000 08:05 1072904    /lib/i386-linux-gnu/libnsl-2.13.so
0015b000-0015c000 rw-p 00016000 08:05 1072904    /lib/i386-linux-gnu/libnsl-2.13.so
0015c000-0015e000 rw-p 00000000 00:00 0 
00178000-0018b000 r-xp 00000000 08:05 1046589    /lib/i386-linux-gnu/libz.so.1.2.3.4
0018b000-0018c000 r--p 00012000 08:05 1046589    /lib/i386-linux-gnu/libz.so.1.2.3.4
0018c000-0018d000 rw-p 00013000 08:05 1046589    /lib/i386-linux-gnu/libz.so.1.2.3.4
0018d000-0026b000 r-xp 00000000 08:05 1611067    /usr/lib/i386-linux-gnu/libstdc++.so.6.0.16
0026b000-0026c000 ---p 000de000 08:05 1611067    /usr/lib/i386-linux-gnu/libstdc++.so.6.0.16
0026c000-00270000 r--p 000de000 08:05 1611067    /usr/lib/i386-linux-gnu/libstdc++.so.6.0.16
00270000-00271000 rw-p 000e2000 08:05 1611067    /usr/lib/i386-linux-gnu/libstdc++.so.6.0.16
00271000-00278000 rw-p 00000000 00:00 0 
005c3000-005ca000 r-xp 00000000 08:05 1072914    /lib/i386-linux-gnu/librt-2.13.so
005ca000-005cb000 r--p 00006000 08:05 1072914    /lib/i386-linux-gnu/librt-2.13.so
005cb000-005cc000 rw-p 00007000 08:05 1072914    /lib/i386-linux-gnu/librt-2.13.so
005ec000-0060a000 r-xp 00000000 08:05 1072895    /lib/i386-linux-gnu/ld-2.13.so
0060a000-0060b000 r--p 0001d000 08:05 1072895    /lib/i386-linux-gnu/ld-2.13.so
0060b000-0060c000 rw-p 0001e000 08:05 1072895    /lib/i386-linux-gnu/ld-2.13.so
0064f000-00652000 r-xp 00000000 08:05 1072901    /lib/i386-linux-gnu/libdl-2.13.so
00652000-00653000 r--p 00002000 08:05 1072901    /lib/i386-linux-gnu/libdl-2.13.so
00653000-00654000 rw-p 00003000 08:05 1072901    /lib/i386-linux-gnu/libdl-2.13.so
0067d000-006a3000 r-xp 00000000 08:05 811864     /usr/lib/jvm/java-6-openjdk/jre/lib/i386/libjava.so
006a3000-006a4000 r--p 00025000 08:05 811864     /usr/lib/jvm/java-6-openjdk/jre/lib/i386/libjava.so
006a4000-006a6000 rw-p 00026000 08:05 811864     /usr/lib/jvm/java-6-openjdk/jre/lib/i386/libjava.so
006cf000-006d3000 r-xp 00000000 08:05 811840     /usr/lib/jvm/java-6-openjdk/jre/lib/i386/jli/libjli.so
006d3000-006d4000 r--p 00003000 08:05 811840     /usr/lib/jvm/java-6-openjdk/jre/lib/i386/jli/libjli.so
006d4000-006d5000 rw-p 00004000 08:05 811840     /usr/lib/jvm/java-6-openjdk/jre/lib/i386/jli/libjli.so
00768000-0076f000 r-xp 00000000 08:05 811894     /usr/lib/jvm/java-6-openjdk/jre/lib/i386/libzip.so
0076f000-00770000 r--p 00006000 08:05 811894     /usr/lib/jvm/java-6-openjdk/jre/lib/i386/libzip.so
00770000-00771000 rw-p 00007000 08:05 811894     /usr/lib/jvm/java-6-openjdk/jre/lib/i386/libzip.so
007bf000-007e7000 r-xp 00000000 08:05 1072902    /lib/i386-linux-gnu/libm-2.13.so
007e7000-007e8000 r--p 00028000 08:05 1072902    /lib/i386-linux-gnu/libm-2.13.so
007e8000-007e9000 rw-p 00029000 08:05 1072902    /lib/i386-linux-gnu/libm-2.13.so
00866000-0087d000 r-xp 00000000 08:05 1072912    /lib/i386-linux-gnu/libpthread-2.13.so
0087d000-0087e000 r--p 00016000 08:05 1072912    /lib/i386-linux-gnu/libpthread-2.13.so
0087e000-0087f000 rw-p 00017000 08:05 1072912    /lib/i386-linux-gnu/libpthread-2.13.so
0087f000-00881000 rw-p 00000000 00:00 0 
009ba000-009bb000 r-xp 00000000 00:00 0          [vdso]
00a81000-00a8b000 r-xp 00000000 08:05 1072909    /lib/i386-linux-gnu/libnss_nis-2.13.so
00a8b000-00a8c000 r--p 00009000 08:05 1072909    /lib/i386-linux-gnu/libnss_nis-2.13.so
00a8c000-00a8d000 rw-p 0000a000 08:05 1072909    /lib/i386-linux-gnu/libnss_nis-2.13.so
00b11000-00b19000 r-xp 00000000 08:05 1072905    /lib/i386-linux-gnu/libnss_compat-2.13.so
00b19000-00b1a000 r--p 00007000 08:05 1072905    /lib/i386-linux-gnu/libnss_compat-2.13.so
00b1a000-00b1b000 rw-p 00008000 08:05 1072905    /lib/i386-linux-gnu/libnss_compat-2.13.so
00b70000-00b7b000 r-xp 00000000 08:05 1072907    /lib/i386-linux-gnu/libnss_files-2.13.so
00b7b000-00b7c000 r--p 0000a000 08:05 1072907    /lib/i386-linux-gnu/libnss_files-2.13.so
00b7c000-00b7d000 rw-p 0000b000 08:05 1072907    /lib/i386-linux-gnu/libnss_files-2.13.so
00d00000-00d0b000 r-xp 00000000 08:05 811893     /usr/lib/jvm/java-6-openjdk/jre/lib/i386/libverify.so
00d0b000-00d0c000 ---p 0000b000 08:05 811893     /usr/lib/jvm/java-6-openjdk/jre/lib/i386/libverify.so
00d0c000-00d0d000 r--p 0000b000 08:05 811893     /usr/lib/jvm/java-6-openjdk/jre/lib/i386/libverify.so
00d0d000-00d0e000 rw-p 0000c000 08:05 811893     /usr/lib/jvm/java-6-openjdk/jre/lib/i386/libverify.so
00dee000-00f64000 r-xp 00000000 08:05 1072898    /lib/i386-linux-gnu/libc-2.13.so
00f64000-00f66000 r--p 00176000 08:05 1072898    /lib/i386-linux-gnu/libc-2.13.so
00f66000-00f67000 rw-p 00178000 08:05 1072898    /lib/i386-linux-gnu/libc-2.13.so
00f67000-00f6a000 rw-p 00000000 00:00 0 
00f6a000-0147d000 r-xp 00000000 08:05 790265     /usr/lib/jvm/java-6-openjdk/jre/lib/i386/client/libjvm.so
0147d000-01494000 r--p 00512000 08:05 790265     /usr/lib/jvm/java-6-openjdk/jre/lib/i386/client/libjvm.so
01494000-014a1000 rw-p 00529000 08:05 790265     /usr/lib/jvm/java-6-openjdk/jre/lib/i386/client/libjvm.so
014a1000-018b9000 rw-p 00000000 00:00 0 
08048000-08051000 r-xp 00000000 08:05 945264     /usr/lib/jvm/java-6-openjdk/jre/bin/java
08051000-08052000 r--p 00008000 08:05 945264     /usr/lib/jvm/java-6-openjdk/jre/bin/java
08052000-08053000 rw-p 00009000 08:05 945264     /usr/lib/jvm/java-6-openjdk/jre/bin/java
09710000-09771000 rw-p 00000000 00:00 0          [heap]
93ca6000-93ca8000 r--s 00009000 08:06 1183366    /home/tiago/lejos_nxj/lib/pc/3rdparty/commons-cli.jar
93ca8000-93cb2000 r--s 00079000 08:06 1183332    /home/tiago/lejos_nxj/lib/pc/3rdparty/bcel.jar
93cb2000-93cb3000 r--s 00015000 08:06 1183349    /home/tiago/lejos_nxj/lib/pc/3rdparty/bluecove-gpl.jar
93cb3000-93cb8000 r--s 00081000 08:06 1183365    /home/tiago/lejos_nxj/lib/pc/3rdparty/bluecove.jar
93cb8000-93cba000 r--s 00015000 08:06 1183370    /home/tiago/lejos_nxj/lib/pc/jtools.jar
93cba000-93cc0000 r--s 00042000 08:06 1183518    /home/tiago/lejos_nxj/lib/pc/pccomm.jar
93cc0000-93cc3000 r--s 00028000 08:06 1183561    /home/tiago/lejos_nxj/lib/pc/pctools.jar
93cc3000-93cf6000 rw-p 00000000 00:00 0 
93cf6000-93e86000 r--s 037b6000 08:05 787039     /usr/lib/jvm/java-6-openjdk/jre/lib/rt.jar
93e86000-93e8d000 rw-p 00000000 00:00 0 
93e8d000-93ea7000 rw-p 00000000 00:00 0 
93ea7000-93eac000 rw-p 00000000 00:00 0 
93eac000-93f44000 rw-p 00000000 00:00 0 
93f44000-93f47000 rw-p 00000000 00:00 0 
93f47000-93f92000 rw-p 00000000 00:00 0 
93f92000-93f98000 rw-p 00000000 00:00 0 
93f98000-9402f000 rw-p 00000000 00:00 0 
9402f000-94035000 rw-p 00000000 00:00 0 
94035000-9404f000 rw-p 00000000 00:00 0 
9404f000-94530000 rw-p 00000000 00:00 0 
94530000-9dcf0000 rw-p 00000000 00:00 0 
9dcf0000-9e6c0000 rw-p 00000000 00:00 0 
9e6c0000-b1650000 rw-p 00000000 00:00 0 
b1650000-b2250000 rw-p 00000000 00:00 0 
b2250000-b5650000 rw-p 00000000 00:00 0 
b5650000-b5651000 rw-p 00000000 00:00 0 
b5651000-b56d0000 rw-p 00000000 00:00 0 
b56d0000-b5708000 rwxp 00000000 00:00 0 
b5708000-b76d0000 rw-p 00000000 00:00 0 
b76d0000-b76d3000 ---p 00000000 00:00 0 
b76d3000-b7724000 rw-p 00000000 00:00 0 
b772e000-b773b000 r--s 0009b000 08:06 1183319    /home/tiago/lejos_nxj/lib/nxt/classes.jar
b773b000-b7743000 rw-s 00000000 08:05 561180     /tmp/hsperfdata_tiago/5273
b7743000-b7744000 rw-p 00000000 00:00 0 
b7744000-b7745000 r--p 00000000 00:00 0 
b7745000-b7747000 rw-p 00000000 00:00 0 
bfaf7000-bfb18000 rw-p 00000000 00:00 0          [stack]

VM Arguments:
jvm_args: -Dfile.encoding=UTF-8 -Xbootclasspath/p:/home/tiago/lejos_nxj/lib/nxt/classes.jar -Xbootclasspath/a:/home/tiago/lejos_nxj/lib/pc/pctools.jar:/home/tiago/lejos_nxj/lib/pc/pccomm.jar:/home/tiago/lejos_nxj/lib/pc/jtools.jar:/home/tiago/lejos_nxj/lib/pc/3rdparty/bluecove.jar:/home/tiago/lejos_nxj/lib/pc/3rdparty/bluecove-gpl.jar:/home/tiago/lejos_nxj/lib/pc/3rdparty/bcel.jar:/home/tiago/lejos_nxj/lib/pc/3rdparty/commons-cli.jar 
java_command: NXTremoteControl_TA
Launcher Type: SUN_STANDARD

Environment Variables:
PATH=/home/tiago/bin:/usr/lib/lightdm/lightdm:/usr/local/sbin:/usr/local/bin:/usr/sbin:/usr/bin:/sbin:/bin:/usr/games
USERNAME=tiago
LD_LIBRARY_PATH=/usr/lib/jvm/java-6-openjdk/jre/lib/i386/client:/usr/lib/jvm/java-6-openjdk/jre/lib/i386:/usr/lib/jvm/java-6-openjdk/jre/../lib/i386:/usr/lib/jvm/java-6-openjdk/jre/lib/i386/client:/usr/lib/jvm/java-6-openjdk/jre/lib/i386:
SHELL=/bin/bash
DISPLAY=:0.0

Signal Handlers:
SIGSEGV: [libjvm.so+0x3e3640], sa_mask[0]=0x7ffbfeff, sa_flags=0x10000004
SIGBUS: [libjvm.so+0x3e3640], sa_mask[0]=0x7ffbfeff, sa_flags=0x10000004
SIGFPE: [libjvm.so+0x300e10], sa_mask[0]=0x7ffbfeff, sa_flags=0x10000004
SIGPIPE: [libjvm.so+0x300e10], sa_mask[0]=0x7ffbfeff, sa_flags=0x10000004
SIGXFSZ: [libjvm.so+0x300e10], sa_mask[0]=0x7ffbfeff, sa_flags=0x10000004
SIGILL: [libjvm.so+0x300e10], sa_mask[0]=0x7ffbfeff, sa_flags=0x10000004
SIGUSR1: SIG_DFL, sa_mask[0]=0x00000000, sa_flags=0x00000000
SIGUSR2: [libjvm.so+0x300ca0], sa_mask[0]=0x00000004, sa_flags=0x10000004
SIGHUP: SIG_DFL, sa_mask[0]=0x00000000, sa_flags=0x00000000
SIGINT: SIG_DFL, sa_mask[0]=0x00000000, sa_flags=0x00000000
SIGTERM: SIG_DFL, sa_mask[0]=0x00000000, sa_flags=0x00000000
SIGQUIT: SIG_DFL, sa_mask[0]=0x00000000, sa_flags=0x00000000


---------------  S Y S T E M  ---------------

OS:Ubuntu 11.10 (oneiric)
uname:Linux 3.0.0-12-generic #20-Ubuntu SMP Fri Oct 7 14:50:42 UTC 2011 i686
libc:glibc 2.13 NPTL 2.13 
rlimit: STACK 8192k, CORE 0k, NPROC 7382, NOFILE 4096, AS infinity
load average:0.57 0.35 0.36

/proc/meminfo:
MemTotal:         959008 kB
MemFree:           61460 kB
Buffers:            2020 kB
Cached:           178980 kB
SwapCached:        72500 kB
Active:           396292 kB
Inactive:         390028 kB
Active(anon):     303604 kB
Inactive(anon):   311124 kB
Active(file):      92688 kB
Inactive(file):    78904 kB
Unevictable:          16 kB
Mlocked:              16 kB
HighTotal:        137736 kB
HighFree:            100 kB
LowTotal:         821272 kB
LowFree:           61360 kB
SwapTotal:        716796 kB
SwapFree:         431408 kB
Dirty:             21264 kB
Writeback:          7272 kB
AnonPages:        556784 kB
Mapped:            82456 kB
Shmem:              9268 kB
Slab:              25692 kB
SReclaimable:      10920 kB
SUnreclaim:        14772 kB
KernelStack:        3312 kB
PageTables:        10140 kB
NFS_Unstable:          0 kB
Bounce:                0 kB
WritebackTmp:          0 kB
CommitLimit:     1196300 kB
Committed_AS:    2997568 kB
VmallocTotal:     122880 kB
VmallocUsed:       35444 kB
VmallocChunk:      81032 kB
HardwareCorrupted:     0 kB
AnonHugePages:         0 kB
HugePages_Total:       0
HugePages_Free:        0
HugePages_Rsvd:        0
HugePages_Surp:        0
Hugepagesize:       4096 kB
DirectMap4k:      126968 kB
DirectMap4M:      782336 kB


CPU:total 2 (2 cores per cpu, 1 threads per core) family 6 model 14 stepping 8, cmov, cx8, fxsr, mmx, sse, sse2, sse3

Memory: 4k page, physical 959008k(61460k free), swap 716796k(431408k free)

vm_info: OpenJDK Client VM (20.0-b11) for linux-x86 JRE (1.6.0_23-b23), built on Oct  4 2011 14:32:59 by "buildd" with gcc 4.6.1

time: Mon Feb  6 13:46:11 2012
elapsed time: 1 seconds

