#
# A fatal error has been detected by the Java Runtime Environment:
#
#  Internal Error (javaClasses.cpp:79), pid=5454, tid=3078671216
#  fatal error: Invalid layout of preloaded class
#
# JRE version: 6.0_23-b23
# Java VM: OpenJDK Client VM (20.0-b11 mixed mode linux-x86 )
# Derivative: IcedTea6 1.11pre
# Distribution: Ubuntu oneiric (development branch), package 6b23~pre10-0ubuntu5
# If you would like to submit a bug report, please include
# instructions how to reproduce the bug and visit:
#   https://bugs.launchpad.net/ubuntu/+source/openjdk-6/
#

---------------  T H R E A D  ---------------

Current thread (0x080ff800):  JavaThread "Unknown thread" [_thread_in_vm, id=5459, stack(0xb77bc000,0xb780d000)]

Stack: [0xb77bc000,0xb780d000]
[error occurred during error reporting (printing stack bounds), id 0xb]


[error occurred during error reporting (printing native stack), id 0xb]


---------------  P R O C E S S  ---------------

Java Threads: ( => current thread )

Other Threads:

=>0x080ff800 (exited) JavaThread "Unknown thread" [_thread_in_vm, id=5459, stack(0xb77bc000,0xb780d000)]

VM state:not at safepoint (normal execution)

VM Mutex/Monitor currently owned by a thread: None

Heap
 def new generation   total 4544K, used 81K [0x94130000, 0x94610000, 0x9ddd0000)
  eden space 4096K,   2% used [0x94130000, 0x941447c0, 0x94530000)
  from space 448K,   0% used [0x94530000, 0x94530000, 0x945a0000)
  to   space 448K,   0% used [0x945a0000, 0x945a0000, 0x94610000)
 tenured generation   total 10048K, used 0K [0x9ddd0000, 0x9e7a0000, 0xb1730000)
   the space 10048K,   0% used [0x9ddd0000, 0x9ddd0000, 0x9ddd0200, 0x9e7a0000)
 compacting perm gen  total 12288K, used 339K [0xb1730000, 0xb2330000, 0xb5730000)
   the space 12288K,   2% used [0xb1730000, 0xb1784fe8, 0xb1785000, 0xb2330000)
No shared spaces configured.

Code Cache  [0xb57bc000, 0xb57f4000, 0xb77bc000)
 total_blobs=27 nmethods=0 adapters=13 free_code_cache=33336640 largest_free_block=64

Dynamic libraries:
00110000-00123000 r-xp 00000000 08:05 1046589    /lib/i386-linux-gnu/libz.so.1.2.3.4
00123000-00124000 r--p 00012000 08:05 1046589    /lib/i386-linux-gnu/libz.so.1.2.3.4
00124000-00125000 rw-p 00013000 08:05 1046589    /lib/i386-linux-gnu/libz.so.1.2.3.4
00125000-0012d000 r-xp 00000000 08:05 1072905    /lib/i386-linux-gnu/libnss_compat-2.13.so
0012d000-0012e000 r--p 00007000 08:05 1072905    /lib/i386-linux-gnu/libnss_compat-2.13.so
0012e000-0012f000 rw-p 00008000 08:05 1072905    /lib/i386-linux-gnu/libnss_compat-2.13.so
001df000-001e6000 r-xp 00000000 08:05 1072914    /lib/i386-linux-gnu/librt-2.13.so
001e6000-001e7000 r--p 00006000 08:05 1072914    /lib/i386-linux-gnu/librt-2.13.so
001e7000-001e8000 rw-p 00007000 08:05 1072914    /lib/i386-linux-gnu/librt-2.13.so
001f1000-001fb000 r-xp 00000000 08:05 1072909    /lib/i386-linux-gnu/libnss_nis-2.13.so
001fb000-001fc000 r--p 00009000 08:05 1072909    /lib/i386-linux-gnu/libnss_nis-2.13.so
001fc000-001fd000 rw-p 0000a000 08:05 1072909    /lib/i386-linux-gnu/libnss_nis-2.13.so
00233000-00236000 r-xp 00000000 08:05 1072901    /lib/i386-linux-gnu/libdl-2.13.so
00236000-00237000 r--p 00002000 08:05 1072901    /lib/i386-linux-gnu/libdl-2.13.so
00237000-00238000 rw-p 00003000 08:05 1072901    /lib/i386-linux-gnu/libdl-2.13.so
0034d000-0036b000 r-xp 00000000 08:05 1072895    /lib/i386-linux-gnu/ld-2.13.so
0036b000-0036c000 r--p 0001d000 08:05 1072895    /lib/i386-linux-gnu/ld-2.13.so
0036c000-0036d000 rw-p 0001e000 08:05 1072895    /lib/i386-linux-gnu/ld-2.13.so
0038e000-00399000 r-xp 00000000 08:05 811893     /usr/lib/jvm/java-6-openjdk/jre/lib/i386/libverify.so
00399000-0039a000 ---p 0000b000 08:05 811893     /usr/lib/jvm/java-6-openjdk/jre/lib/i386/libverify.so
0039a000-0039b000 r--p 0000b000 08:05 811893     /usr/lib/jvm/java-6-openjdk/jre/lib/i386/libverify.so
0039b000-0039c000 rw-p 0000c000 08:05 811893     /usr/lib/jvm/java-6-openjdk/jre/lib/i386/libverify.so
00489000-0048d000 r-xp 00000000 08:05 811840     /usr/lib/jvm/java-6-openjdk/jre/lib/i386/jli/libjli.so
0048d000-0048e000 r--p 00003000 08:05 811840     /usr/lib/jvm/java-6-openjdk/jre/lib/i386/jli/libjli.so
0048e000-0048f000 rw-p 00004000 08:05 811840     /usr/lib/jvm/java-6-openjdk/jre/lib/i386/jli/libjli.so
0048f000-00605000 r-xp 00000000 08:05 1072898    /lib/i386-linux-gnu/libc-2.13.so
00605000-00607000 r--p 00176000 08:05 1072898    /lib/i386-linux-gnu/libc-2.13.so
00607000-00608000 rw-p 00178000 08:05 1072898    /lib/i386-linux-gnu/libc-2.13.so
00608000-0060b000 rw-p 00000000 00:00 0 
0070d000-00729000 r-xp 00000000 08:05 1072894    /lib/i386-linux-gnu/libgcc_s.so.1
00729000-0072a000 r--p 0001b000 08:05 1072894    /lib/i386-linux-gnu/libgcc_s.so.1
0072a000-0072b000 rw-p 0001c000 08:05 1072894    /lib/i386-linux-gnu/libgcc_s.so.1
00833000-00911000 r-xp 00000000 08:05 1611067    /usr/lib/i386-linux-gnu/libstdc++.so.6.0.16
00911000-00912000 ---p 000de000 08:05 1611067    /usr/lib/i386-linux-gnu/libstdc++.so.6.0.16
00912000-00916000 r--p 000de000 08:05 1611067    /usr/lib/i386-linux-gnu/libstdc++.so.6.0.16
00916000-00917000 rw-p 000e2000 08:05 1611067    /usr/lib/i386-linux-gnu/libstdc++.so.6.0.16
00917000-0091e000 rw-p 00000000 00:00 0 
00970000-0097b000 r-xp 00000000 08:05 1072907    /lib/i386-linux-gnu/libnss_files-2.13.so
0097b000-0097c000 r--p 0000a000 08:05 1072907    /lib/i386-linux-gnu/libnss_files-2.13.so
0097c000-0097d000 rw-p 0000b000 08:05 1072907    /lib/i386-linux-gnu/libnss_files-2.13.so
009c7000-009ce000 r-xp 00000000 08:05 811894     /usr/lib/jvm/java-6-openjdk/jre/lib/i386/libzip.so
009ce000-009cf000 r--p 00006000 08:05 811894     /usr/lib/jvm/java-6-openjdk/jre/lib/i386/libzip.so
009cf000-009d0000 rw-p 00007000 08:05 811894     /usr/lib/jvm/java-6-openjdk/jre/lib/i386/libzip.so
009da000-009ef000 r-xp 00000000 08:05 1072904    /lib/i386-linux-gnu/libnsl-2.13.so
009ef000-009f0000 r--p 00015000 08:05 1072904    /lib/i386-linux-gnu/libnsl-2.13.so
009f0000-009f1000 rw-p 00016000 08:05 1072904    /lib/i386-linux-gnu/libnsl-2.13.so
009f1000-009f3000 rw-p 00000000 00:00 0 
00ab5000-00add000 r-xp 00000000 08:05 1072902    /lib/i386-linux-gnu/libm-2.13.so
00add000-00ade000 r--p 00028000 08:05 1072902    /lib/i386-linux-gnu/libm-2.13.so
00ade000-00adf000 rw-p 00029000 08:05 1072902    /lib/i386-linux-gnu/libm-2.13.so
00d01000-00d27000 r-xp 00000000 08:05 811864     /usr/lib/jvm/java-6-openjdk/jre/lib/i386/libjava.so
00d27000-00d28000 r--p 00025000 08:05 811864     /usr/lib/jvm/java-6-openjdk/jre/lib/i386/libjava.so
00d28000-00d2a000 rw-p 00026000 08:05 811864     /usr/lib/jvm/java-6-openjdk/jre/lib/i386/libjava.so
00eaa000-00eab000 r-xp 00000000 00:00 0          [vdso]
00efd000-00f14000 r-xp 00000000 08:05 1072912    /lib/i386-linux-gnu/libpthread-2.13.so
00f14000-00f15000 r--p 00016000 08:05 1072912    /lib/i386-linux-gnu/libpthread-2.13.so
00f15000-00f16000 rw-p 00017000 08:05 1072912    /lib/i386-linux-gnu/libpthread-2.13.so
00f16000-00f18000 rw-p 00000000 00:00 0 
00f18000-0142b000 r-xp 00000000 08:05 790265     /usr/lib/jvm/java-6-openjdk/jre/lib/i386/client/libjvm.so
0142b000-01442000 r--p 00512000 08:05 790265     /usr/lib/jvm/java-6-openjdk/jre/lib/i386/client/libjvm.so
01442000-0144f000 rw-p 00529000 08:05 790265     /usr/lib/jvm/java-6-openjdk/jre/lib/i386/client/libjvm.so
0144f000-01867000 rw-p 00000000 00:00 0 
08048000-08051000 r-xp 00000000 08:05 945264     /usr/lib/jvm/java-6-openjdk/jre/bin/java
08051000-08052000 r--p 00008000 08:05 945264     /usr/lib/jvm/java-6-openjdk/jre/bin/java
08052000-08053000 rw-p 00009000 08:05 945264     /usr/lib/jvm/java-6-openjdk/jre/bin/java
080f8000-08159000 rw-p 00000000 00:00 0          [heap]
93d86000-93d88000 r--s 00009000 08:06 1183366    /home/tiago/lejos_nxj/lib/pc/3rdparty/commons-cli.jar
93d88000-93d92000 r--s 00079000 08:06 1183332    /home/tiago/lejos_nxj/lib/pc/3rdparty/bcel.jar
93d92000-93d93000 r--s 00015000 08:06 1183349    /home/tiago/lejos_nxj/lib/pc/3rdparty/bluecove-gpl.jar
93d93000-93d98000 r--s 00081000 08:06 1183365    /home/tiago/lejos_nxj/lib/pc/3rdparty/bluecove.jar
93d98000-93d9a000 r--s 00015000 08:06 1183370    /home/tiago/lejos_nxj/lib/pc/jtools.jar
93d9a000-93da0000 r--s 00042000 08:06 1183518    /home/tiago/lejos_nxj/lib/pc/pccomm.jar
93da0000-93da3000 r--s 00028000 08:06 1183561    /home/tiago/lejos_nxj/lib/pc/pctools.jar
93da3000-93dd6000 rw-p 00000000 00:00 0 
93dd6000-93f66000 r--s 037b6000 08:05 787039     /usr/lib/jvm/java-6-openjdk/jre/lib/rt.jar
93f66000-93f6d000 rw-p 00000000 00:00 0 
93f6d000-93f87000 rw-p 00000000 00:00 0 
93f87000-93f8c000 rw-p 00000000 00:00 0 
93f8c000-94024000 rw-p 00000000 00:00 0 
94024000-94027000 rw-p 00000000 00:00 0 
94027000-94072000 rw-p 00000000 00:00 0 
94072000-94078000 rw-p 00000000 00:00 0 
94078000-9410f000 rw-p 00000000 00:00 0 
9410f000-94115000 rw-p 00000000 00:00 0 
94115000-9412f000 rw-p 00000000 00:00 0 
9412f000-94610000 rw-p 00000000 00:00 0 
94610000-9ddd0000 rw-p 00000000 00:00 0 
9ddd0000-9e7a0000 rw-p 00000000 00:00 0 
9e7a0000-b1730000 rw-p 00000000 00:00 0 
b1730000-b2330000 rw-p 00000000 00:00 0 
b2330000-b5730000 rw-p 00000000 00:00 0 
b573c000-b573d000 rw-p 00000000 00:00 0 
b573d000-b57bc000 rw-p 00000000 00:00 0 
b57bc000-b57f4000 rwxp 00000000 00:00 0 
b57f4000-b77bc000 rw-p 00000000 00:00 0 
b77bc000-b77bf000 ---p 00000000 00:00 0 
b77bf000-b7810000 rw-p 00000000 00:00 0 
b781a000-b7827000 r--s 0009b000 08:06 1183319    /home/tiago/lejos_nxj/lib/nxt/classes.jar
b7827000-b782f000 rw-s 00000000 08:05 561182     /tmp/hsperfdata_tiago/5454
b782f000-b7830000 rw-p 00000000 00:00 0 
b7830000-b7831000 r--p 00000000 00:00 0 
b7831000-b7833000 rw-p 00000000 00:00 0 
bfac5000-bfae6000 rw-p 00000000 00:00 0          [stack]

VM Arguments:
jvm_args: -Dfile.encoding=UTF-8 -Xbootclasspath/p:/home/tiago/lejos_nxj/lib/nxt/classes.jar -Xbootclasspath/a:/home/tiago/lejos_nxj/lib/pc/pctools.jar:/home/tiago/lejos_nxj/lib/pc/pccomm.jar:/home/tiago/lejos_nxj/lib/pc/jtools.jar:/home/tiago/lejos_nxj/lib/pc/3rdparty/bluecove.jar:/home/tiago/lejos_nxj/lib/pc/3rdparty/bluecove-gpl.jar:/home/tiago/lejos_nxj/lib/pc/3rdparty/bcel.jar:/home/tiago/lejos_nxj/lib/pc/3rdparty/commons-cli.jar 
java_command: NXTremoteControl_TA
Launcher Type: SUN_STANDARD

Environment Variables:
PATH=/home/tiago/bin:/usr/lib/lightdm/lightdm:/usr/local/sbin:/usr/local/bin:/usr/sbin:/usr/bin:/sbin:/bin:/usr/games
USERNAME=tiago
LD_LIBRARY_PATH=/usr/lib/jvm/java-6-openjdk/jre/lib/i386/client:/usr/lib/jvm/java-6-openjdk/jre/lib/i386:/usr/lib/jvm/java-6-openjdk/jre/../lib/i386:/usr/lib/jvm/java-6-openjdk/jre/lib/i386/client:/usr/lib/jvm/java-6-openjdk/jre/lib/i386:
SHELL=/bin/bash
DISPLAY=:0.0

Signal Handlers:
SIGSEGV: [libjvm.so+0x3e3640], sa_mask[0]=0x7ffbfeff, sa_flags=0x10000004
SIGBUS: [libjvm.so+0x3e3640], sa_mask[0]=0x7ffbfeff, sa_flags=0x10000004
SIGFPE: [libjvm.so+0x300e10], sa_mask[0]=0x7ffbfeff, sa_flags=0x10000004
SIGPIPE: [libjvm.so+0x300e10], sa_mask[0]=0x7ffbfeff, sa_flags=0x10000004
SIGXFSZ: [libjvm.so+0x300e10], sa_mask[0]=0x7ffbfeff, sa_flags=0x10000004
SIGILL: [libjvm.so+0x300e10], sa_mask[0]=0x7ffbfeff, sa_flags=0x10000004
SIGUSR1: SIG_DFL, sa_mask[0]=0x00000000, sa_flags=0x00000000
SIGUSR2: [libjvm.so+0x300ca0], sa_mask[0]=0x00000004, sa_flags=0x10000004
SIGHUP: SIG_DFL, sa_mask[0]=0x00000000, sa_flags=0x00000000
SIGINT: SIG_DFL, sa_mask[0]=0x00000000, sa_flags=0x00000000
SIGTERM: SIG_DFL, sa_mask[0]=0x00000000, sa_flags=0x00000000
SIGQUIT: SIG_DFL, sa_mask[0]=0x00000000, sa_flags=0x00000000


---------------  S Y S T E M  ---------------

OS:Ubuntu 11.10 (oneiric)
uname:Linux 3.0.0-12-generic #20-Ubuntu SMP Fri Oct 7 14:50:42 UTC 2011 i686
libc:glibc 2.13 NPTL 2.13 
rlimit: STACK 8192k, CORE 0k, NPROC 7382, NOFILE 4096, AS infinity
load average:0.97 2.75 1.81

/proc/meminfo:
MemTotal:         959008 kB
MemFree:           75424 kB
Buffers:            5852 kB
Cached:           117920 kB
SwapCached:        74672 kB
Active:           381032 kB
Inactive:         392520 kB
Active(anon):     325716 kB
Inactive(anon):   328908 kB
Active(file):      55316 kB
Inactive(file):    63612 kB
Unevictable:          16 kB
Mlocked:              16 kB
HighTotal:        137736 kB
HighFree:           1816 kB
LowTotal:         821272 kB
LowFree:           73608 kB
SwapTotal:        716796 kB
SwapFree:         392804 kB
Dirty:               176 kB
Writeback:             0 kB
AnonPages:        596912 kB
Mapped:            48744 kB
Shmem:              4620 kB
Slab:              26356 kB
SReclaimable:      11456 kB
SUnreclaim:        14900 kB
KernelStack:        3312 kB
PageTables:        10152 kB
NFS_Unstable:          0 kB
Bounce:                0 kB
WritebackTmp:          0 kB
CommitLimit:     1196300 kB
Committed_AS:    3059992 kB
VmallocTotal:     122880 kB
VmallocUsed:       35444 kB
VmallocChunk:      81032 kB
HardwareCorrupted:     0 kB
AnonHugePages:         0 kB
HugePages_Total:       0
HugePages_Free:        0
HugePages_Rsvd:        0
HugePages_Surp:        0
Hugepagesize:       4096 kB
DirectMap4k:      126968 kB
DirectMap4M:      782336 kB


CPU:total 2 (2 cores per cpu, 1 threads per core) family 6 model 14 stepping 8, cmov, cx8, fxsr, mmx, sse, sse2, sse3

Memory: 4k page, physical 959008k(75424k free), swap 716796k(392804k free)

vm_info: OpenJDK Client VM (20.0-b11) for linux-x86 JRE (1.6.0_23-b23), built on Oct  4 2011 14:32:59 by "buildd" with gcc 4.6.1

time: Mon Feb  6 13:54:25 2012
elapsed time: 0 seconds

