#
# A fatal error has been detected by the Java Runtime Environment:
#
#  Internal Error (javaClasses.cpp:79), pid=5209, tid=3077426032
#  fatal error: Invalid layout of preloaded class
#
# JRE version: 6.0_23-b23
# Java VM: OpenJDK Client VM (20.0-b11 mixed mode linux-x86 )
# Derivative: IcedTea6 1.11pre
# Distribution: Ubuntu oneiric (development branch), package 6b23~pre10-0ubuntu5
# If you would like to submit a bug report, please include
# instructions how to reproduce the bug and visit:
#   https://bugs.launchpad.net/ubuntu/+source/openjdk-6/
#

---------------  T H R E A D  ---------------

Current thread (0x09a42c00):  JavaThread "Unknown thread" [_thread_in_vm, id=5214, stack(0xb768c000,0xb76dd000)]

Stack: [0xb768c000,0xb76dd000]
[error occurred during error reporting (printing stack bounds), id 0xb]


[error occurred during error reporting (printing native stack), id 0xb]


---------------  P R O C E S S  ---------------

Java Threads: ( => current thread )

Other Threads:

=>0x09a42c00 (exited) JavaThread "Unknown thread" [_thread_in_vm, id=5214, stack(0xb768c000,0xb76dd000)]

VM state:not at safepoint (normal execution)

VM Mutex/Monitor currently owned by a thread: None

Heap
 def new generation   total 4544K, used 81K [0x93c90000, 0x94170000, 0x9d930000)
  eden space 4096K,   2% used [0x93c90000, 0x93ca47c0, 0x94090000)
  from space 448K,   0% used [0x94090000, 0x94090000, 0x94100000)
  to   space 448K,   0% used [0x94100000, 0x94100000, 0x94170000)
 tenured generation   total 10048K, used 0K [0x9d930000, 0x9e300000, 0xb1290000)
   the space 10048K,   0% used [0x9d930000, 0x9d930000, 0x9d930200, 0x9e300000)
 compacting perm gen  total 12288K, used 344K [0xb1290000, 0xb1e90000, 0xb5290000)
   the space 12288K,   2% used [0xb1290000, 0xb12e6250, 0xb12e6400, 0xb1e90000)
No shared spaces configured.

Code Cache  [0xb5314000, 0xb534c000, 0xb7314000)
 total_blobs=27 nmethods=0 adapters=13 free_code_cache=33336640 largest_free_block=64

Dynamic libraries:
00110000-00138000 r-xp 00000000 08:05 1072902    /lib/i386-linux-gnu/libm-2.13.so
00138000-00139000 r--p 00028000 08:05 1072902    /lib/i386-linux-gnu/libm-2.13.so
00139000-0013a000 rw-p 00029000 08:05 1072902    /lib/i386-linux-gnu/libm-2.13.so
0013a000-00141000 r-xp 00000000 08:05 1072914    /lib/i386-linux-gnu/librt-2.13.so
00141000-00142000 r--p 00006000 08:05 1072914    /lib/i386-linux-gnu/librt-2.13.so
00142000-00143000 rw-p 00007000 08:05 1072914    /lib/i386-linux-gnu/librt-2.13.so
00143000-0014b000 r-xp 00000000 08:05 1072905    /lib/i386-linux-gnu/libnss_compat-2.13.so
0014b000-0014c000 r--p 00007000 08:05 1072905    /lib/i386-linux-gnu/libnss_compat-2.13.so
0014c000-0014d000 rw-p 00008000 08:05 1072905    /lib/i386-linux-gnu/libnss_compat-2.13.so
0014d000-00162000 r-xp 00000000 08:05 1072904    /lib/i386-linux-gnu/libnsl-2.13.so
00162000-00163000 r--p 00015000 08:05 1072904    /lib/i386-linux-gnu/libnsl-2.13.so
00163000-00164000 rw-p 00016000 08:05 1072904    /lib/i386-linux-gnu/libnsl-2.13.so
00164000-00166000 rw-p 00000000 00:00 0 
00171000-00174000 r-xp 00000000 08:05 1072901    /lib/i386-linux-gnu/libdl-2.13.so
00174000-00175000 r--p 00002000 08:05 1072901    /lib/i386-linux-gnu/libdl-2.13.so
00175000-00176000 rw-p 00003000 08:05 1072901    /lib/i386-linux-gnu/libdl-2.13.so
00176000-001b4000 r-xp 00000000 08:05 811870     /usr/lib/jvm/java-6-openjdk/jre/lib/i386/libjdwp.so
001b4000-001b5000 r--p 0003d000 08:05 811870     /usr/lib/jvm/java-6-openjdk/jre/lib/i386/libjdwp.so
001b5000-001b6000 rw-p 0003e000 08:05 811870     /usr/lib/jvm/java-6-openjdk/jre/lib/i386/libjdwp.so
001b6000-001c0000 r-xp 00000000 08:05 1072909    /lib/i386-linux-gnu/libnss_nis-2.13.so
001c0000-001c1000 r--p 00009000 08:05 1072909    /lib/i386-linux-gnu/libnss_nis-2.13.so
001c1000-001c2000 rw-p 0000a000 08:05 1072909    /lib/i386-linux-gnu/libnss_nis-2.13.so
001fb000-00221000 r-xp 00000000 08:05 811864     /usr/lib/jvm/java-6-openjdk/jre/lib/i386/libjava.so
00221000-00222000 r--p 00025000 08:05 811864     /usr/lib/jvm/java-6-openjdk/jre/lib/i386/libjava.so
00222000-00224000 rw-p 00026000 08:05 811864     /usr/lib/jvm/java-6-openjdk/jre/lib/i386/libjava.so
00249000-00254000 r-xp 00000000 08:05 811893     /usr/lib/jvm/java-6-openjdk/jre/lib/i386/libverify.so
00254000-00255000 ---p 0000b000 08:05 811893     /usr/lib/jvm/java-6-openjdk/jre/lib/i386/libverify.so
00255000-00256000 r--p 0000b000 08:05 811893     /usr/lib/jvm/java-6-openjdk/jre/lib/i386/libverify.so
00256000-00257000 rw-p 0000c000 08:05 811893     /usr/lib/jvm/java-6-openjdk/jre/lib/i386/libverify.so
0028a000-0028e000 r-xp 00000000 08:05 811840     /usr/lib/jvm/java-6-openjdk/jre/lib/i386/jli/libjli.so
0028e000-0028f000 r--p 00003000 08:05 811840     /usr/lib/jvm/java-6-openjdk/jre/lib/i386/jli/libjli.so
0028f000-00290000 rw-p 00004000 08:05 811840     /usr/lib/jvm/java-6-openjdk/jre/lib/i386/jli/libjli.so
00534000-00537000 r-xp 00000000 08:05 811888     /usr/lib/jvm/java-6-openjdk/jre/lib/i386/libnpt.so
00537000-00538000 r--p 00002000 08:05 811888     /usr/lib/jvm/java-6-openjdk/jre/lib/i386/libnpt.so
00538000-00539000 rw-p 00003000 08:05 811888     /usr/lib/jvm/java-6-openjdk/jre/lib/i386/libnpt.so
00652000-00670000 r-xp 00000000 08:05 1072895    /lib/i386-linux-gnu/ld-2.13.so
00670000-00671000 r--p 0001d000 08:05 1072895    /lib/i386-linux-gnu/ld-2.13.so
00671000-00672000 rw-p 0001e000 08:05 1072895    /lib/i386-linux-gnu/ld-2.13.so
00892000-00893000 r-xp 00000000 00:00 0          [vdso]
008a6000-008c2000 r-xp 00000000 08:05 1072894    /lib/i386-linux-gnu/libgcc_s.so.1
008c2000-008c3000 r--p 0001b000 08:05 1072894    /lib/i386-linux-gnu/libgcc_s.so.1
008c3000-008c4000 rw-p 0001c000 08:05 1072894    /lib/i386-linux-gnu/libgcc_s.so.1
00938000-00aae000 r-xp 00000000 08:05 1072898    /lib/i386-linux-gnu/libc-2.13.so
00aae000-00ab0000 r--p 00176000 08:05 1072898    /lib/i386-linux-gnu/libc-2.13.so
00ab0000-00ab1000 rw-p 00178000 08:05 1072898    /lib/i386-linux-gnu/libc-2.13.so
00ab1000-00ab4000 rw-p 00000000 00:00 0 
00b39000-00b40000 r-xp 00000000 08:05 811894     /usr/lib/jvm/java-6-openjdk/jre/lib/i386/libzip.so
00b40000-00b41000 r--p 00006000 08:05 811894     /usr/lib/jvm/java-6-openjdk/jre/lib/i386/libzip.so
00b41000-00b42000 rw-p 00007000 08:05 811894     /usr/lib/jvm/java-6-openjdk/jre/lib/i386/libzip.so
00bb2000-00bbd000 r-xp 00000000 08:05 1072907    /lib/i386-linux-gnu/libnss_files-2.13.so
00bbd000-00bbe000 r--p 0000a000 08:05 1072907    /lib/i386-linux-gnu/libnss_files-2.13.so
00bbe000-00bbf000 rw-p 0000b000 08:05 1072907    /lib/i386-linux-gnu/libnss_files-2.13.so
00bc3000-00bd6000 r-xp 00000000 08:05 1046589    /lib/i386-linux-gnu/libz.so.1.2.3.4
00bd6000-00bd7000 r--p 00012000 08:05 1046589    /lib/i386-linux-gnu/libz.so.1.2.3.4
00bd7000-00bd8000 rw-p 00013000 08:05 1046589    /lib/i386-linux-gnu/libz.so.1.2.3.4
00c40000-00d1e000 r-xp 00000000 08:05 1611067    /usr/lib/i386-linux-gnu/libstdc++.so.6.0.16
00d1e000-00d1f000 ---p 000de000 08:05 1611067    /usr/lib/i386-linux-gnu/libstdc++.so.6.0.16
00d1f000-00d23000 r--p 000de000 08:05 1611067    /usr/lib/i386-linux-gnu/libstdc++.so.6.0.16
00d23000-00d24000 rw-p 000e2000 08:05 1611067    /usr/lib/i386-linux-gnu/libstdc++.so.6.0.16
00d24000-00d2b000 rw-p 00000000 00:00 0 
00d8b000-00da2000 r-xp 00000000 08:05 1072912    /lib/i386-linux-gnu/libpthread-2.13.so
00da2000-00da3000 r--p 00016000 08:05 1072912    /lib/i386-linux-gnu/libpthread-2.13.so
00da3000-00da4000 rw-p 00017000 08:05 1072912    /lib/i386-linux-gnu/libpthread-2.13.so
00da4000-00da6000 rw-p 00000000 00:00 0 
00da6000-012b9000 r-xp 00000000 08:05 790265     /usr/lib/jvm/java-6-openjdk/jre/lib/i386/client/libjvm.so
012b9000-012d0000 r--p 00512000 08:05 790265     /usr/lib/jvm/java-6-openjdk/jre/lib/i386/client/libjvm.so
012d0000-012dd000 rw-p 00529000 08:05 790265     /usr/lib/jvm/java-6-openjdk/jre/lib/i386/client/libjvm.so
012dd000-016f5000 rw-p 00000000 00:00 0 
08048000-08051000 r-xp 00000000 08:05 945264     /usr/lib/jvm/java-6-openjdk/jre/bin/java
08051000-08052000 r--p 00008000 08:05 945264     /usr/lib/jvm/java-6-openjdk/jre/bin/java
08052000-08053000 rw-p 00009000 08:05 945264     /usr/lib/jvm/java-6-openjdk/jre/bin/java
09a3a000-09a9c000 rw-p 00000000 00:00 0          [heap]
938e6000-938e8000 r--s 00009000 08:06 1183366    /home/tiago/lejos_nxj/lib/pc/3rdparty/commons-cli.jar
938e8000-938f2000 r--s 00079000 08:06 1183332    /home/tiago/lejos_nxj/lib/pc/3rdparty/bcel.jar
938f2000-938f3000 r--s 00015000 08:06 1183349    /home/tiago/lejos_nxj/lib/pc/3rdparty/bluecove-gpl.jar
938f3000-938f8000 r--s 00081000 08:06 1183365    /home/tiago/lejos_nxj/lib/pc/3rdparty/bluecove.jar
938f8000-938fa000 r--s 00015000 08:06 1183370    /home/tiago/lejos_nxj/lib/pc/jtools.jar
938fa000-93900000 r--s 00042000 08:06 1183518    /home/tiago/lejos_nxj/lib/pc/pccomm.jar
93900000-93903000 r--s 00028000 08:06 1183561    /home/tiago/lejos_nxj/lib/pc/pctools.jar
93903000-93936000 rw-p 00000000 00:00 0 
93936000-93ac6000 r--s 037b6000 08:05 787039     /usr/lib/jvm/java-6-openjdk/jre/lib/rt.jar
93ac6000-93acd000 rw-p 00000000 00:00 0 
93acd000-93ae7000 rw-p 00000000 00:00 0 
93ae7000-93aec000 rw-p 00000000 00:00 0 
93aec000-93b84000 rw-p 00000000 00:00 0 
93b84000-93b87000 rw-p 00000000 00:00 0 
93b87000-93bd2000 rw-p 00000000 00:00 0 
93bd2000-93bd8000 rw-p 00000000 00:00 0 
93bd8000-93c6f000 rw-p 00000000 00:00 0 
93c6f000-93c75000 rw-p 00000000 00:00 0 
93c75000-93c8f000 rw-p 00000000 00:00 0 
93c8f000-94170000 rw-p 00000000 00:00 0 
94170000-9d930000 rw-p 00000000 00:00 0 
9d930000-9e300000 rw-p 00000000 00:00 0 
9e300000-b1290000 rw-p 00000000 00:00 0 
b1290000-b1e90000 rw-p 00000000 00:00 0 
b1e90000-b5290000 rw-p 00000000 00:00 0 
b5294000-b5295000 rw-p 00000000 00:00 0 
b5295000-b5314000 rw-p 00000000 00:00 0 
b5314000-b534c000 rwxp 00000000 00:00 0 
b534c000-b7314000 rw-p 00000000 00:00 0 
b7314000-b731c000 rw-s 00000000 08:05 561180     /tmp/hsperfdata_tiago/5209
b731c000-b748c000 r--p 002a8000 08:05 1572584    /usr/lib/locale/locale-archive
b748c000-b768c000 r--p 00000000 08:05 1572584    /usr/lib/locale/locale-archive
b768c000-b768f000 ---p 00000000 00:00 0 
b768f000-b76e0000 rw-p 00000000 00:00 0 
b76f1000-b76fe000 r--s 0009b000 08:06 1183319    /home/tiago/lejos_nxj/lib/nxt/classes.jar
b76fe000-b76ff000 r--p 002a6000 08:05 1572584    /usr/lib/locale/locale-archive
b76ff000-b7700000 rw-p 00000000 00:00 0 
b7700000-b7701000 r--p 00000000 00:00 0 
b7701000-b7703000 rw-p 00000000 00:00 0 
bf86b000-bf88c000 rw-p 00000000 00:00 0          [stack]

VM Arguments:
jvm_args: -agentlib:jdwp=transport=dt_socket,suspend=y,address=localhost:46759 -Dfile.encoding=UTF-8 -Xbootclasspath/p:/home/tiago/lejos_nxj/lib/nxt/classes.jar -Xbootclasspath/a:/home/tiago/lejos_nxj/lib/pc/pctools.jar:/home/tiago/lejos_nxj/lib/pc/pccomm.jar:/home/tiago/lejos_nxj/lib/pc/jtools.jar:/home/tiago/lejos_nxj/lib/pc/3rdparty/bluecove.jar:/home/tiago/lejos_nxj/lib/pc/3rdparty/bluecove-gpl.jar:/home/tiago/lejos_nxj/lib/pc/3rdparty/bcel.jar:/home/tiago/lejos_nxj/lib/pc/3rdparty/commons-cli.jar 
java_command: NXTremoteControl_TA
Launcher Type: SUN_STANDARD

Environment Variables:
PATH=/home/tiago/bin:/usr/lib/lightdm/lightdm:/usr/local/sbin:/usr/local/bin:/usr/sbin:/usr/bin:/sbin:/bin:/usr/games
USERNAME=tiago
LD_LIBRARY_PATH=/usr/lib/jvm/java-6-openjdk/jre/lib/i386/client:/usr/lib/jvm/java-6-openjdk/jre/lib/i386:/usr/lib/jvm/java-6-openjdk/jre/../lib/i386:/usr/lib/jvm/java-6-openjdk/jre/lib/i386/client:/usr/lib/jvm/java-6-openjdk/jre/lib/i386:
SHELL=/bin/bash
DISPLAY=:0.0

Signal Handlers:
SIGSEGV: [libjvm.so+0x3e3640], sa_mask[0]=0x7ffbfeff, sa_flags=0x10000004
SIGBUS: [libjvm.so+0x3e3640], sa_mask[0]=0x7ffbfeff, sa_flags=0x10000004
SIGFPE: [libjvm.so+0x300e10], sa_mask[0]=0x7ffbfeff, sa_flags=0x10000004
SIGPIPE: [libjvm.so+0x300e10], sa_mask[0]=0x7ffbfeff, sa_flags=0x10000004
SIGXFSZ: [libjvm.so+0x300e10], sa_mask[0]=0x7ffbfeff, sa_flags=0x10000004
SIGILL: [libjvm.so+0x300e10], sa_mask[0]=0x7ffbfeff, sa_flags=0x10000004
SIGUSR1: SIG_DFL, sa_mask[0]=0x00000000, sa_flags=0x00000000
SIGUSR2: [libjvm.so+0x300ca0], sa_mask[0]=0x00000004, sa_flags=0x10000004
SIGHUP: SIG_DFL, sa_mask[0]=0x00000000, sa_flags=0x00000000
SIGINT: SIG_DFL, sa_mask[0]=0x00000000, sa_flags=0x00000000
SIGTERM: SIG_DFL, sa_mask[0]=0x00000000, sa_flags=0x00000000
SIGQUIT: SIG_DFL, sa_mask[0]=0x00000000, sa_flags=0x00000000


---------------  S Y S T E M  ---------------

OS:Ubuntu 11.10 (oneiric)
uname:Linux 3.0.0-12-generic #20-Ubuntu SMP Fri Oct 7 14:50:42 UTC 2011 i686
libc:glibc 2.13 NPTL 2.13 
rlimit: STACK 8192k, CORE 0k, NPROC 7382, NOFILE 4096, AS infinity
load average:0,27 0,19 0,32

/proc/meminfo:
MemTotal:         959008 kB
MemFree:           76556 kB
Buffers:            3576 kB
Cached:           115624 kB
SwapCached:        65252 kB
Active:           381148 kB
Inactive:         386068 kB
Active(anon):     325412 kB
Inactive(anon):   331996 kB
Active(file):      55736 kB
Inactive(file):    54072 kB
Unevictable:          16 kB
Mlocked:              16 kB
HighTotal:        137736 kB
HighFree:           1800 kB
LowTotal:         821272 kB
LowFree:           74756 kB
SwapTotal:        716796 kB
SwapFree:         437904 kB
Dirty:               328 kB
Writeback:             0 kB
AnonPages:        604884 kB
Mapped:            66688 kB
Shmem:              9392 kB
Slab:              25472 kB
SReclaimable:      10776 kB
SUnreclaim:        14696 kB
KernelStack:        3232 kB
PageTables:        10032 kB
NFS_Unstable:          0 kB
Bounce:                0 kB
WritebackTmp:          0 kB
CommitLimit:     1196300 kB
Committed_AS:    2995412 kB
VmallocTotal:     122880 kB
VmallocUsed:       35468 kB
VmallocChunk:      81032 kB
HardwareCorrupted:     0 kB
AnonHugePages:         0 kB
HugePages_Total:       0
HugePages_Free:        0
HugePages_Rsvd:        0
HugePages_Surp:        0
Hugepagesize:       4096 kB
DirectMap4k:      126968 kB
DirectMap4M:      782336 kB


CPU:total 2 (2 cores per cpu, 1 threads per core) family 6 model 14 stepping 8, cmov, cx8, fxsr, mmx, sse, sse2, sse3

Memory: 4k page, physical 959008k(76556k free), swap 716796k(437904k free)

vm_info: OpenJDK Client VM (20.0-b11) for linux-x86 JRE (1.6.0_23-b23), built on Oct  4 2011 14:32:59 by "buildd" with gcc 4.6.1

time: Mon Feb  6 13:42:11 2012
elapsed time: 0 seconds

