#
# A fatal error has been detected by the Java Runtime Environment:
#
#  Internal Error (javaClasses.cpp:79), pid=5150, tid=3077634928
#  fatal error: Invalid layout of preloaded class
#
# JRE version: 6.0_23-b23
# Java VM: OpenJDK Client VM (20.0-b11 mixed mode linux-x86 )
# Derivative: IcedTea6 1.11pre
# Distribution: Ubuntu oneiric (development branch), package 6b23~pre10-0ubuntu5
# If you would like to submit a bug report, please include
# instructions how to reproduce the bug and visit:
#   https://bugs.launchpad.net/ubuntu/+source/openjdk-6/
#

---------------  T H R E A D  ---------------

Current thread (0x08166c00):  JavaThread "Unknown thread" [_thread_in_vm, id=5156, stack(0xb76bf000,0xb7710000)]

Stack: [0xb76bf000,0xb7710000]
[error occurred during error reporting (printing stack bounds), id 0xb]


[error occurred during error reporting (printing native stack), id 0xb]


---------------  P R O C E S S  ---------------

Java Threads: ( => current thread )

Other Threads:

=>0x08166c00 (exited) JavaThread "Unknown thread" [_thread_in_vm, id=5156, stack(0xb76bf000,0xb7710000)]

VM state:not at safepoint (normal execution)

VM Mutex/Monitor currently owned by a thread: None

Heap
 def new generation   total 4544K, used 81K [0x93cc0000, 0x941a0000, 0x9d960000)
  eden space 4096K,   2% used [0x93cc0000, 0x93cd47c0, 0x940c0000)
  from space 448K,   0% used [0x940c0000, 0x940c0000, 0x94130000)
  to   space 448K,   0% used [0x94130000, 0x94130000, 0x941a0000)
 tenured generation   total 10048K, used 0K [0x9d960000, 0x9e330000, 0xb12c0000)
   the space 10048K,   0% used [0x9d960000, 0x9d960000, 0x9d960200, 0x9e330000)
 compacting perm gen  total 12288K, used 344K [0xb12c0000, 0xb1ec0000, 0xb52c0000)
   the space 12288K,   2% used [0xb12c0000, 0xb1316250, 0xb1316400, 0xb1ec0000)
No shared spaces configured.

Code Cache  [0xb5347000, 0xb537f000, 0xb7347000)
 total_blobs=27 nmethods=0 adapters=13 free_code_cache=33336640 largest_free_block=64

Dynamic libraries:
00110000-0011b000 r-xp 00000000 08:05 811893     /usr/lib/jvm/java-6-openjdk/jre/lib/i386/libverify.so
0011b000-0011c000 ---p 0000b000 08:05 811893     /usr/lib/jvm/java-6-openjdk/jre/lib/i386/libverify.so
0011c000-0011d000 r--p 0000b000 08:05 811893     /usr/lib/jvm/java-6-openjdk/jre/lib/i386/libverify.so
0011d000-0011e000 rw-p 0000c000 08:05 811893     /usr/lib/jvm/java-6-openjdk/jre/lib/i386/libverify.so
0011e000-0015c000 r-xp 00000000 08:05 811870     /usr/lib/jvm/java-6-openjdk/jre/lib/i386/libjdwp.so
0015c000-0015d000 r--p 0003d000 08:05 811870     /usr/lib/jvm/java-6-openjdk/jre/lib/i386/libjdwp.so
0015d000-0015e000 rw-p 0003e000 08:05 811870     /usr/lib/jvm/java-6-openjdk/jre/lib/i386/libjdwp.so
0015e000-00161000 r-xp 00000000 08:05 811888     /usr/lib/jvm/java-6-openjdk/jre/lib/i386/libnpt.so
00161000-00162000 r--p 00002000 08:05 811888     /usr/lib/jvm/java-6-openjdk/jre/lib/i386/libnpt.so
00162000-00163000 rw-p 00003000 08:05 811888     /usr/lib/jvm/java-6-openjdk/jre/lib/i386/libnpt.so
00163000-00178000 r-xp 00000000 08:05 1072904    /lib/i386-linux-gnu/libnsl-2.13.so
00178000-00179000 r--p 00015000 08:05 1072904    /lib/i386-linux-gnu/libnsl-2.13.so
00179000-0017a000 rw-p 00016000 08:05 1072904    /lib/i386-linux-gnu/libnsl-2.13.so
0017a000-0017c000 rw-p 00000000 00:00 0 
0017c000-00186000 r-xp 00000000 08:05 1072909    /lib/i386-linux-gnu/libnss_nis-2.13.so
00186000-00187000 r--p 00009000 08:05 1072909    /lib/i386-linux-gnu/libnss_nis-2.13.so
00187000-00188000 rw-p 0000a000 08:05 1072909    /lib/i386-linux-gnu/libnss_nis-2.13.so
00188000-00193000 r-xp 00000000 08:05 1072907    /lib/i386-linux-gnu/libnss_files-2.13.so
00193000-00194000 r--p 0000a000 08:05 1072907    /lib/i386-linux-gnu/libnss_files-2.13.so
00194000-00195000 rw-p 0000b000 08:05 1072907    /lib/i386-linux-gnu/libnss_files-2.13.so
00196000-00199000 r-xp 00000000 08:05 1072901    /lib/i386-linux-gnu/libdl-2.13.so
00199000-0019a000 r--p 00002000 08:05 1072901    /lib/i386-linux-gnu/libdl-2.13.so
0019a000-0019b000 rw-p 00003000 08:05 1072901    /lib/i386-linux-gnu/libdl-2.13.so
0050d000-00514000 r-xp 00000000 08:05 811894     /usr/lib/jvm/java-6-openjdk/jre/lib/i386/libzip.so
00514000-00515000 r--p 00006000 08:05 811894     /usr/lib/jvm/java-6-openjdk/jre/lib/i386/libzip.so
00515000-00516000 rw-p 00007000 08:05 811894     /usr/lib/jvm/java-6-openjdk/jre/lib/i386/libzip.so
00559000-00575000 r-xp 00000000 08:05 1072894    /lib/i386-linux-gnu/libgcc_s.so.1
00575000-00576000 r--p 0001b000 08:05 1072894    /lib/i386-linux-gnu/libgcc_s.so.1
00576000-00577000 rw-p 0001c000 08:05 1072894    /lib/i386-linux-gnu/libgcc_s.so.1
0060d000-00614000 r-xp 00000000 08:05 1072914    /lib/i386-linux-gnu/librt-2.13.so
00614000-00615000 r--p 00006000 08:05 1072914    /lib/i386-linux-gnu/librt-2.13.so
00615000-00616000 rw-p 00007000 08:05 1072914    /lib/i386-linux-gnu/librt-2.13.so
00727000-0072b000 r-xp 00000000 08:05 811840     /usr/lib/jvm/java-6-openjdk/jre/lib/i386/jli/libjli.so
0072b000-0072c000 r--p 00003000 08:05 811840     /usr/lib/jvm/java-6-openjdk/jre/lib/i386/jli/libjli.so
0072c000-0072d000 rw-p 00004000 08:05 811840     /usr/lib/jvm/java-6-openjdk/jre/lib/i386/jli/libjli.so
00752000-008c8000 r-xp 00000000 08:05 1072898    /lib/i386-linux-gnu/libc-2.13.so
008c8000-008ca000 r--p 00176000 08:05 1072898    /lib/i386-linux-gnu/libc-2.13.so
008ca000-008cb000 rw-p 00178000 08:05 1072898    /lib/i386-linux-gnu/libc-2.13.so
008cb000-008ce000 rw-p 00000000 00:00 0 
008fc000-0091a000 r-xp 00000000 08:05 1072895    /lib/i386-linux-gnu/ld-2.13.so
0091a000-0091b000 r--p 0001d000 08:05 1072895    /lib/i386-linux-gnu/ld-2.13.so
0091b000-0091c000 rw-p 0001e000 08:05 1072895    /lib/i386-linux-gnu/ld-2.13.so
009ca000-009e1000 r-xp 00000000 08:05 1072912    /lib/i386-linux-gnu/libpthread-2.13.so
009e1000-009e2000 r--p 00016000 08:05 1072912    /lib/i386-linux-gnu/libpthread-2.13.so
009e2000-009e3000 rw-p 00017000 08:05 1072912    /lib/i386-linux-gnu/libpthread-2.13.so
009e3000-009e5000 rw-p 00000000 00:00 0 
00a04000-00a17000 r-xp 00000000 08:05 1046589    /lib/i386-linux-gnu/libz.so.1.2.3.4
00a17000-00a18000 r--p 00012000 08:05 1046589    /lib/i386-linux-gnu/libz.so.1.2.3.4
00a18000-00a19000 rw-p 00013000 08:05 1046589    /lib/i386-linux-gnu/libz.so.1.2.3.4
00ade000-00bbc000 r-xp 00000000 08:05 1611067    /usr/lib/i386-linux-gnu/libstdc++.so.6.0.16
00bbc000-00bbd000 ---p 000de000 08:05 1611067    /usr/lib/i386-linux-gnu/libstdc++.so.6.0.16
00bbd000-00bc1000 r--p 000de000 08:05 1611067    /usr/lib/i386-linux-gnu/libstdc++.so.6.0.16
00bc1000-00bc2000 rw-p 000e2000 08:05 1611067    /usr/lib/i386-linux-gnu/libstdc++.so.6.0.16
00bc2000-00bc9000 rw-p 00000000 00:00 0 
00c21000-00c29000 r-xp 00000000 08:05 1072905    /lib/i386-linux-gnu/libnss_compat-2.13.so
00c29000-00c2a000 r--p 00007000 08:05 1072905    /lib/i386-linux-gnu/libnss_compat-2.13.so
00c2a000-00c2b000 rw-p 00008000 08:05 1072905    /lib/i386-linux-gnu/libnss_compat-2.13.so
00c40000-00c66000 r-xp 00000000 08:05 811864     /usr/lib/jvm/java-6-openjdk/jre/lib/i386/libjava.so
00c66000-00c67000 r--p 00025000 08:05 811864     /usr/lib/jvm/java-6-openjdk/jre/lib/i386/libjava.so
00c67000-00c69000 rw-p 00026000 08:05 811864     /usr/lib/jvm/java-6-openjdk/jre/lib/i386/libjava.so
00c94000-00cbc000 r-xp 00000000 08:05 1072902    /lib/i386-linux-gnu/libm-2.13.so
00cbc000-00cbd000 r--p 00028000 08:05 1072902    /lib/i386-linux-gnu/libm-2.13.so
00cbd000-00cbe000 rw-p 00029000 08:05 1072902    /lib/i386-linux-gnu/libm-2.13.so
00ea5000-00ea6000 r-xp 00000000 00:00 0          [vdso]
00ea6000-013b9000 r-xp 00000000 08:05 790265     /usr/lib/jvm/java-6-openjdk/jre/lib/i386/client/libjvm.so
013b9000-013d0000 r--p 00512000 08:05 790265     /usr/lib/jvm/java-6-openjdk/jre/lib/i386/client/libjvm.so
013d0000-013dd000 rw-p 00529000 08:05 790265     /usr/lib/jvm/java-6-openjdk/jre/lib/i386/client/libjvm.so
013dd000-017f5000 rw-p 00000000 00:00 0 
08048000-08051000 r-xp 00000000 08:05 945264     /usr/lib/jvm/java-6-openjdk/jre/bin/java
08051000-08052000 r--p 00008000 08:05 945264     /usr/lib/jvm/java-6-openjdk/jre/bin/java
08052000-08053000 rw-p 00009000 08:05 945264     /usr/lib/jvm/java-6-openjdk/jre/bin/java
0815e000-081c0000 rw-p 00000000 00:00 0          [heap]
93916000-93918000 r--s 00009000 08:06 1183366    /home/tiago/lejos_nxj/lib/pc/3rdparty/commons-cli.jar
93918000-93922000 r--s 00079000 08:06 1183332    /home/tiago/lejos_nxj/lib/pc/3rdparty/bcel.jar
93922000-93923000 r--s 00015000 08:06 1183349    /home/tiago/lejos_nxj/lib/pc/3rdparty/bluecove-gpl.jar
93923000-93928000 r--s 00081000 08:06 1183365    /home/tiago/lejos_nxj/lib/pc/3rdparty/bluecove.jar
93928000-9392a000 r--s 00015000 08:06 1183370    /home/tiago/lejos_nxj/lib/pc/jtools.jar
9392a000-93930000 r--s 00042000 08:06 1183518    /home/tiago/lejos_nxj/lib/pc/pccomm.jar
93930000-93933000 r--s 00028000 08:06 1183561    /home/tiago/lejos_nxj/lib/pc/pctools.jar
93933000-93966000 rw-p 00000000 00:00 0 
93966000-93af6000 r--s 037b6000 08:05 787039     /usr/lib/jvm/java-6-openjdk/jre/lib/rt.jar
93af6000-93afd000 rw-p 00000000 00:00 0 
93afd000-93b17000 rw-p 00000000 00:00 0 
93b17000-93b1c000 rw-p 00000000 00:00 0 
93b1c000-93bb4000 rw-p 00000000 00:00 0 
93bb4000-93bb7000 rw-p 00000000 00:00 0 
93bb7000-93c02000 rw-p 00000000 00:00 0 
93c02000-93c08000 rw-p 00000000 00:00 0 
93c08000-93c9f000 rw-p 00000000 00:00 0 
93c9f000-93ca5000 rw-p 00000000 00:00 0 
93ca5000-93cbf000 rw-p 00000000 00:00 0 
93cbf000-941a0000 rw-p 00000000 00:00 0 
941a0000-9d960000 rw-p 00000000 00:00 0 
9d960000-9e330000 rw-p 00000000 00:00 0 
9e330000-b12c0000 rw-p 00000000 00:00 0 
b12c0000-b1ec0000 rw-p 00000000 00:00 0 
b1ec0000-b52c0000 rw-p 00000000 00:00 0 
b52c7000-b52c8000 rw-p 00000000 00:00 0 
b52c8000-b5347000 rw-p 00000000 00:00 0 
b5347000-b537f000 rwxp 00000000 00:00 0 
b537f000-b7347000 rw-p 00000000 00:00 0 
b7347000-b734f000 rw-s 00000000 08:05 561180     /tmp/hsperfdata_tiago/5150
b734f000-b74bf000 r--p 002a8000 08:05 1572584    /usr/lib/locale/locale-archive
b74bf000-b76bf000 r--p 00000000 08:05 1572584    /usr/lib/locale/locale-archive
b76bf000-b76c2000 ---p 00000000 00:00 0 
b76c2000-b7713000 rw-p 00000000 00:00 0 
b7724000-b7731000 r--s 0009b000 08:06 1183319    /home/tiago/lejos_nxj/lib/nxt/classes.jar
b7731000-b7732000 r--p 002a6000 08:05 1572584    /usr/lib/locale/locale-archive
b7732000-b7733000 rw-p 00000000 00:00 0 
b7733000-b7734000 r--p 00000000 00:00 0 
b7734000-b7736000 rw-p 00000000 00:00 0 
bfda1000-bfdc2000 rw-p 00000000 00:00 0          [stack]

VM Arguments:
jvm_args: -agentlib:jdwp=transport=dt_socket,suspend=y,address=localhost:49529 -Dfile.encoding=UTF-8 -Xbootclasspath/p:/home/tiago/lejos_nxj/lib/nxt/classes.jar -Xbootclasspath/a:/home/tiago/lejos_nxj/lib/pc/pctools.jar:/home/tiago/lejos_nxj/lib/pc/pccomm.jar:/home/tiago/lejos_nxj/lib/pc/jtools.jar:/home/tiago/lejos_nxj/lib/pc/3rdparty/bluecove.jar:/home/tiago/lejos_nxj/lib/pc/3rdparty/bluecove-gpl.jar:/home/tiago/lejos_nxj/lib/pc/3rdparty/bcel.jar:/home/tiago/lejos_nxj/lib/pc/3rdparty/commons-cli.jar 
java_command: NXTremoteControl_TA
Launcher Type: SUN_STANDARD

Environment Variables:
PATH=/home/tiago/bin:/usr/lib/lightdm/lightdm:/usr/local/sbin:/usr/local/bin:/usr/sbin:/usr/bin:/sbin:/bin:/usr/games
USERNAME=tiago
LD_LIBRARY_PATH=/usr/lib/jvm/java-6-openjdk/jre/lib/i386/client:/usr/lib/jvm/java-6-openjdk/jre/lib/i386:/usr/lib/jvm/java-6-openjdk/jre/../lib/i386:/usr/lib/jvm/java-6-openjdk/jre/lib/i386/client:/usr/lib/jvm/java-6-openjdk/jre/lib/i386:
SHELL=/bin/bash
DISPLAY=:0.0

Signal Handlers:
SIGSEGV: [libjvm.so+0x3e3640], sa_mask[0]=0x7ffbfeff, sa_flags=0x10000004
SIGBUS: [libjvm.so+0x3e3640], sa_mask[0]=0x7ffbfeff, sa_flags=0x10000004
SIGFPE: [libjvm.so+0x300e10], sa_mask[0]=0x7ffbfeff, sa_flags=0x10000004
SIGPIPE: [libjvm.so+0x300e10], sa_mask[0]=0x7ffbfeff, sa_flags=0x10000004
SIGXFSZ: [libjvm.so+0x300e10], sa_mask[0]=0x7ffbfeff, sa_flags=0x10000004
SIGILL: [libjvm.so+0x300e10], sa_mask[0]=0x7ffbfeff, sa_flags=0x10000004
SIGUSR1: SIG_DFL, sa_mask[0]=0x00000000, sa_flags=0x00000000
SIGUSR2: [libjvm.so+0x300ca0], sa_mask[0]=0x00000004, sa_flags=0x10000004
SIGHUP: SIG_DFL, sa_mask[0]=0x00000000, sa_flags=0x00000000
SIGINT: SIG_DFL, sa_mask[0]=0x00000000, sa_flags=0x00000000
SIGTERM: SIG_DFL, sa_mask[0]=0x00000000, sa_flags=0x00000000
SIGQUIT: SIG_DFL, sa_mask[0]=0x00000000, sa_flags=0x00000000


---------------  S Y S T E M  ---------------

OS:Ubuntu 11.10 (oneiric)
uname:Linux 3.0.0-12-generic #20-Ubuntu SMP Fri Oct 7 14:50:42 UTC 2011 i686
libc:glibc 2.13 NPTL 2.13 
rlimit: STACK 8192k, CORE 0k, NPROC 7382, NOFILE 4096, AS infinity
load average:0,35 0,18 0,33

/proc/meminfo:
MemTotal:         959008 kB
MemFree:           76840 kB
Buffers:            1776 kB
Cached:           117976 kB
SwapCached:        66296 kB
Active:           381348 kB
Inactive:         385688 kB
Active(anon):     325964 kB
Inactive(anon):   330724 kB
Active(file):      55384 kB
Inactive(file):    54964 kB
Unevictable:          16 kB
Mlocked:              16 kB
HighTotal:        137736 kB
HighFree:           2444 kB
LowTotal:         821272 kB
LowFree:           74396 kB
SwapTotal:        716796 kB
SwapFree:         438844 kB
Dirty:               376 kB
Writeback:             0 kB
AnonPages:        603864 kB
Mapped:            66252 kB
Shmem:              9392 kB
Slab:              25492 kB
SReclaimable:      10828 kB
SUnreclaim:        14664 kB
KernelStack:        3216 kB
PageTables:        10028 kB
NFS_Unstable:          0 kB
Bounce:                0 kB
WritebackTmp:          0 kB
CommitLimit:     1196300 kB
Committed_AS:    2992556 kB
VmallocTotal:     122880 kB
VmallocUsed:       35468 kB
VmallocChunk:      81032 kB
HardwareCorrupted:     0 kB
AnonHugePages:         0 kB
HugePages_Total:       0
HugePages_Free:        0
HugePages_Rsvd:        0
HugePages_Surp:        0
Hugepagesize:       4096 kB
DirectMap4k:      126968 kB
DirectMap4M:      782336 kB


CPU:total 2 (2 cores per cpu, 1 threads per core) family 6 model 14 stepping 8, cmov, cx8, fxsr, mmx, sse, sse2, sse3

Memory: 4k page, physical 959008k(76840k free), swap 716796k(438844k free)

vm_info: OpenJDK Client VM (20.0-b11) for linux-x86 JRE (1.6.0_23-b23), built on Oct  4 2011 14:32:59 by "buildd" with gcc 4.6.1

time: Mon Feb  6 13:40:38 2012
elapsed time: 0 seconds

