#
# A fatal error has been detected by the Java Runtime Environment:
#
#  Internal Error (javaClasses.cpp:79), pid=5030, tid=3078290288
#  fatal error: Invalid layout of preloaded class
#
# JRE version: 6.0_23-b23
# Java VM: OpenJDK Client VM (20.0-b11 mixed mode linux-x86 )
# Derivative: IcedTea6 1.11pre
# Distribution: Ubuntu oneiric (development branch), package 6b23~pre10-0ubuntu5
# If you would like to submit a bug report, please include
# instructions how to reproduce the bug and visit:
#   https://bugs.launchpad.net/ubuntu/+source/openjdk-6/
#

---------------  T H R E A D  ---------------

Current thread (0x095e5800):  JavaThread "Unknown thread" [_thread_in_vm, id=5035, stack(0xb775f000,0xb77b0000)]

Stack: [0xb775f000,0xb77b0000]
[error occurred during error reporting (printing stack bounds), id 0xb]


[error occurred during error reporting (printing native stack), id 0xb]


---------------  P R O C E S S  ---------------

Java Threads: ( => current thread )

Other Threads:

=>0x095e5800 (exited) JavaThread "Unknown thread" [_thread_in_vm, id=5035, stack(0xb775f000,0xb77b0000)]

VM state:not at safepoint (normal execution)

VM Mutex/Monitor currently owned by a thread: None

Heap
 def new generation   total 4544K, used 81K [0x93d60000, 0x94240000, 0x9da00000)
  eden space 4096K,   2% used [0x93d60000, 0x93d747c0, 0x94160000)
  from space 448K,   0% used [0x94160000, 0x94160000, 0x941d0000)
  to   space 448K,   0% used [0x941d0000, 0x941d0000, 0x94240000)
 tenured generation   total 10048K, used 0K [0x9da00000, 0x9e3d0000, 0xb1360000)
   the space 10048K,   0% used [0x9da00000, 0x9da00000, 0x9da00200, 0x9e3d0000)
 compacting perm gen  total 12288K, used 344K [0xb1360000, 0xb1f60000, 0xb5360000)
   the space 12288K,   2% used [0xb1360000, 0xb13b6250, 0xb13b6400, 0xb1f60000)
No shared spaces configured.

Code Cache  [0xb53e7000, 0xb541f000, 0xb73e7000)
 total_blobs=27 nmethods=0 adapters=13 free_code_cache=33336640 largest_free_block=64

Dynamic libraries:
00110000-00118000 r-xp 00000000 08:05 1072905    /lib/i386-linux-gnu/libnss_compat-2.13.so
00118000-00119000 r--p 00007000 08:05 1072905    /lib/i386-linux-gnu/libnss_compat-2.13.so
00119000-0011a000 rw-p 00008000 08:05 1072905    /lib/i386-linux-gnu/libnss_compat-2.13.so
0011a000-00124000 r-xp 00000000 08:05 1072909    /lib/i386-linux-gnu/libnss_nis-2.13.so
00124000-00125000 r--p 00009000 08:05 1072909    /lib/i386-linux-gnu/libnss_nis-2.13.so
00125000-00126000 rw-p 0000a000 08:05 1072909    /lib/i386-linux-gnu/libnss_nis-2.13.so
00126000-0012d000 r-xp 00000000 08:05 811894     /usr/lib/jvm/java-6-openjdk/jre/lib/i386/libzip.so
0012d000-0012e000 r--p 00006000 08:05 811894     /usr/lib/jvm/java-6-openjdk/jre/lib/i386/libzip.so
0012e000-0012f000 rw-p 00007000 08:05 811894     /usr/lib/jvm/java-6-openjdk/jre/lib/i386/libzip.so
00198000-0019c000 r-xp 00000000 08:05 811840     /usr/lib/jvm/java-6-openjdk/jre/lib/i386/jli/libjli.so
0019c000-0019d000 r--p 00003000 08:05 811840     /usr/lib/jvm/java-6-openjdk/jre/lib/i386/jli/libjli.so
0019d000-0019e000 rw-p 00004000 08:05 811840     /usr/lib/jvm/java-6-openjdk/jre/lib/i386/jli/libjli.so
00232000-00235000 r-xp 00000000 08:05 811888     /usr/lib/jvm/java-6-openjdk/jre/lib/i386/libnpt.so
00235000-00236000 r--p 00002000 08:05 811888     /usr/lib/jvm/java-6-openjdk/jre/lib/i386/libnpt.so
00236000-00237000 rw-p 00003000 08:05 811888     /usr/lib/jvm/java-6-openjdk/jre/lib/i386/libnpt.so
002d5000-002fb000 r-xp 00000000 08:05 811864     /usr/lib/jvm/java-6-openjdk/jre/lib/i386/libjava.so
002fb000-002fc000 r--p 00025000 08:05 811864     /usr/lib/jvm/java-6-openjdk/jre/lib/i386/libjava.so
002fc000-002fe000 rw-p 00026000 08:05 811864     /usr/lib/jvm/java-6-openjdk/jre/lib/i386/libjava.so
00393000-0039e000 r-xp 00000000 08:05 811893     /usr/lib/jvm/java-6-openjdk/jre/lib/i386/libverify.so
0039e000-0039f000 ---p 0000b000 08:05 811893     /usr/lib/jvm/java-6-openjdk/jre/lib/i386/libverify.so
0039f000-003a0000 r--p 0000b000 08:05 811893     /usr/lib/jvm/java-6-openjdk/jre/lib/i386/libverify.so
003a0000-003a1000 rw-p 0000c000 08:05 811893     /usr/lib/jvm/java-6-openjdk/jre/lib/i386/libverify.so
00577000-00595000 r-xp 00000000 08:05 1072895    /lib/i386-linux-gnu/ld-2.13.so
00595000-00596000 r--p 0001d000 08:05 1072895    /lib/i386-linux-gnu/ld-2.13.so
00596000-00597000 rw-p 0001e000 08:05 1072895    /lib/i386-linux-gnu/ld-2.13.so
0060f000-00612000 r-xp 00000000 08:05 1072901    /lib/i386-linux-gnu/libdl-2.13.so
00612000-00613000 r--p 00002000 08:05 1072901    /lib/i386-linux-gnu/libdl-2.13.so
00613000-00614000 rw-p 00003000 08:05 1072901    /lib/i386-linux-gnu/libdl-2.13.so
0062f000-00644000 r-xp 00000000 08:05 1072904    /lib/i386-linux-gnu/libnsl-2.13.so
00644000-00645000 r--p 00015000 08:05 1072904    /lib/i386-linux-gnu/libnsl-2.13.so
00645000-00646000 rw-p 00016000 08:05 1072904    /lib/i386-linux-gnu/libnsl-2.13.so
00646000-00648000 rw-p 00000000 00:00 0 
006cd000-006e9000 r-xp 00000000 08:05 1072894    /lib/i386-linux-gnu/libgcc_s.so.1
006e9000-006ea000 r--p 0001b000 08:05 1072894    /lib/i386-linux-gnu/libgcc_s.so.1
006ea000-006eb000 rw-p 0001c000 08:05 1072894    /lib/i386-linux-gnu/libgcc_s.so.1
00719000-00757000 r-xp 00000000 08:05 811870     /usr/lib/jvm/java-6-openjdk/jre/lib/i386/libjdwp.so
00757000-00758000 r--p 0003d000 08:05 811870     /usr/lib/jvm/java-6-openjdk/jre/lib/i386/libjdwp.so
00758000-00759000 rw-p 0003e000 08:05 811870     /usr/lib/jvm/java-6-openjdk/jre/lib/i386/libjdwp.so
0077d000-00784000 r-xp 00000000 08:05 1072914    /lib/i386-linux-gnu/librt-2.13.so
00784000-00785000 r--p 00006000 08:05 1072914    /lib/i386-linux-gnu/librt-2.13.so
00785000-00786000 rw-p 00007000 08:05 1072914    /lib/i386-linux-gnu/librt-2.13.so
007b5000-007b6000 r-xp 00000000 00:00 0          [vdso]
007bc000-007e4000 r-xp 00000000 08:05 1072902    /lib/i386-linux-gnu/libm-2.13.so
007e4000-007e5000 r--p 00028000 08:05 1072902    /lib/i386-linux-gnu/libm-2.13.so
007e5000-007e6000 rw-p 00029000 08:05 1072902    /lib/i386-linux-gnu/libm-2.13.so
0089d000-008b4000 r-xp 00000000 08:05 1072912    /lib/i386-linux-gnu/libpthread-2.13.so
008b4000-008b5000 r--p 00016000 08:05 1072912    /lib/i386-linux-gnu/libpthread-2.13.so
008b5000-008b6000 rw-p 00017000 08:05 1072912    /lib/i386-linux-gnu/libpthread-2.13.so
008b6000-008b8000 rw-p 00000000 00:00 0 
00a5c000-00a67000 r-xp 00000000 08:05 1072907    /lib/i386-linux-gnu/libnss_files-2.13.so
00a67000-00a68000 r--p 0000a000 08:05 1072907    /lib/i386-linux-gnu/libnss_files-2.13.so
00a68000-00a69000 rw-p 0000b000 08:05 1072907    /lib/i386-linux-gnu/libnss_files-2.13.so
00abc000-00b9a000 r-xp 00000000 08:05 1611067    /usr/lib/i386-linux-gnu/libstdc++.so.6.0.16
00b9a000-00b9b000 ---p 000de000 08:05 1611067    /usr/lib/i386-linux-gnu/libstdc++.so.6.0.16
00b9b000-00b9f000 r--p 000de000 08:05 1611067    /usr/lib/i386-linux-gnu/libstdc++.so.6.0.16
00b9f000-00ba0000 rw-p 000e2000 08:05 1611067    /usr/lib/i386-linux-gnu/libstdc++.so.6.0.16
00ba0000-00ba7000 rw-p 00000000 00:00 0 
00bf1000-00d67000 r-xp 00000000 08:05 1072898    /lib/i386-linux-gnu/libc-2.13.so
00d67000-00d69000 r--p 00176000 08:05 1072898    /lib/i386-linux-gnu/libc-2.13.so
00d69000-00d6a000 rw-p 00178000 08:05 1072898    /lib/i386-linux-gnu/libc-2.13.so
00d6a000-00d6d000 rw-p 00000000 00:00 0 
00f9f000-00fb2000 r-xp 00000000 08:05 1046589    /lib/i386-linux-gnu/libz.so.1.2.3.4
00fb2000-00fb3000 r--p 00012000 08:05 1046589    /lib/i386-linux-gnu/libz.so.1.2.3.4
00fb3000-00fb4000 rw-p 00013000 08:05 1046589    /lib/i386-linux-gnu/libz.so.1.2.3.4
00fb4000-014c7000 r-xp 00000000 08:05 790265     /usr/lib/jvm/java-6-openjdk/jre/lib/i386/client/libjvm.so
014c7000-014de000 r--p 00512000 08:05 790265     /usr/lib/jvm/java-6-openjdk/jre/lib/i386/client/libjvm.so
014de000-014eb000 rw-p 00529000 08:05 790265     /usr/lib/jvm/java-6-openjdk/jre/lib/i386/client/libjvm.so
014eb000-01903000 rw-p 00000000 00:00 0 
08048000-08051000 r-xp 00000000 08:05 945264     /usr/lib/jvm/java-6-openjdk/jre/bin/java
08051000-08052000 r--p 00008000 08:05 945264     /usr/lib/jvm/java-6-openjdk/jre/bin/java
08052000-08053000 rw-p 00009000 08:05 945264     /usr/lib/jvm/java-6-openjdk/jre/bin/java
095dd000-0963f000 rw-p 00000000 00:00 0          [heap]
939d3000-93a06000 rw-p 00000000 00:00 0 
93a06000-93b96000 r--s 037b6000 08:05 787039     /usr/lib/jvm/java-6-openjdk/jre/lib/rt.jar
93b96000-93b9d000 rw-p 00000000 00:00 0 
93b9d000-93bb7000 rw-p 00000000 00:00 0 
93bb7000-93bbc000 rw-p 00000000 00:00 0 
93bbc000-93c54000 rw-p 00000000 00:00 0 
93c54000-93c57000 rw-p 00000000 00:00 0 
93c57000-93ca2000 rw-p 00000000 00:00 0 
93ca2000-93ca8000 rw-p 00000000 00:00 0 
93ca8000-93d3f000 rw-p 00000000 00:00 0 
93d3f000-93d45000 rw-p 00000000 00:00 0 
93d45000-93d5f000 rw-p 00000000 00:00 0 
93d5f000-94240000 rw-p 00000000 00:00 0 
94240000-9da00000 rw-p 00000000 00:00 0 
9da00000-9e3d0000 rw-p 00000000 00:00 0 
9e3d0000-b1360000 rw-p 00000000 00:00 0 
b1360000-b1f60000 rw-p 00000000 00:00 0 
b1f60000-b5360000 rw-p 00000000 00:00 0 
b5367000-b5368000 rw-p 00000000 00:00 0 
b5368000-b53e7000 rw-p 00000000 00:00 0 
b53e7000-b541f000 rwxp 00000000 00:00 0 
b541f000-b73e7000 rw-p 00000000 00:00 0 
b73e7000-b73ef000 rw-s 00000000 08:05 561180     /tmp/hsperfdata_tiago/5030
b73ef000-b755f000 r--p 002a8000 08:05 1572584    /usr/lib/locale/locale-archive
b755f000-b775f000 r--p 00000000 08:05 1572584    /usr/lib/locale/locale-archive
b775f000-b7762000 ---p 00000000 00:00 0 
b7762000-b77b3000 rw-p 00000000 00:00 0 
b77c4000-b77d1000 r--s 0009b000 08:06 1183319    /home/tiago/lejos_nxj/lib/nxt/classes.jar
b77d1000-b77d2000 r--p 002a6000 08:05 1572584    /usr/lib/locale/locale-archive
b77d2000-b77d3000 rw-p 00000000 00:00 0 
b77d3000-b77d4000 r--p 00000000 00:00 0 
b77d4000-b77d6000 rw-p 00000000 00:00 0 
bfd8f000-bfdb0000 rw-p 00000000 00:00 0          [stack]

VM Arguments:
jvm_args: -agentlib:jdwp=transport=dt_socket,suspend=y,address=localhost:37238 -Dfile.encoding=UTF-8 -Xbootclasspath/p:/home/tiago/lejos_nxj/lib/nxt/classes.jar 
java_command: NXTremoteControl_TA
Launcher Type: SUN_STANDARD

Environment Variables:
PATH=/home/tiago/bin:/usr/lib/lightdm/lightdm:/usr/local/sbin:/usr/local/bin:/usr/sbin:/usr/bin:/sbin:/bin:/usr/games
USERNAME=tiago
LD_LIBRARY_PATH=/usr/lib/jvm/java-6-openjdk/jre/lib/i386/client:/usr/lib/jvm/java-6-openjdk/jre/lib/i386:/usr/lib/jvm/java-6-openjdk/jre/../lib/i386:/usr/lib/jvm/java-6-openjdk/jre/lib/i386/client:/usr/lib/jvm/java-6-openjdk/jre/lib/i386:
SHELL=/bin/bash
DISPLAY=:0.0

Signal Handlers:
SIGSEGV: [libjvm.so+0x3e3640], sa_mask[0]=0x7ffbfeff, sa_flags=0x10000004
SIGBUS: [libjvm.so+0x3e3640], sa_mask[0]=0x7ffbfeff, sa_flags=0x10000004
SIGFPE: [libjvm.so+0x300e10], sa_mask[0]=0x7ffbfeff, sa_flags=0x10000004
SIGPIPE: [libjvm.so+0x300e10], sa_mask[0]=0x7ffbfeff, sa_flags=0x10000004
SIGXFSZ: [libjvm.so+0x300e10], sa_mask[0]=0x7ffbfeff, sa_flags=0x10000004
SIGILL: [libjvm.so+0x300e10], sa_mask[0]=0x7ffbfeff, sa_flags=0x10000004
SIGUSR1: SIG_DFL, sa_mask[0]=0x00000000, sa_flags=0x00000000
SIGUSR2: [libjvm.so+0x300ca0], sa_mask[0]=0x00000004, sa_flags=0x10000004
SIGHUP: SIG_DFL, sa_mask[0]=0x00000000, sa_flags=0x00000000
SIGINT: SIG_DFL, sa_mask[0]=0x00000000, sa_flags=0x00000000
SIGTERM: SIG_DFL, sa_mask[0]=0x00000000, sa_flags=0x00000000
SIGQUIT: SIG_DFL, sa_mask[0]=0x00000000, sa_flags=0x00000000


---------------  S Y S T E M  ---------------

OS:Ubuntu 11.10 (oneiric)
uname:Linux 3.0.0-12-generic #20-Ubuntu SMP Fri Oct 7 14:50:42 UTC 2011 i686
libc:glibc 2.13 NPTL 2.13 
rlimit: STACK 8192k, CORE 0k, NPROC 7382, NOFILE 4096, AS infinity
load average:0,24 0,46 0,66

/proc/meminfo:
MemTotal:         959008 kB
MemFree:           72764 kB
Buffers:            5316 kB
Cached:           120216 kB
SwapCached:        64552 kB
Active:           376384 kB
Inactive:         393976 kB
Active(anon):     324732 kB
Inactive(anon):   329672 kB
Active(file):      51652 kB
Inactive(file):    64304 kB
Unevictable:          16 kB
Mlocked:              16 kB
HighTotal:        137736 kB
HighFree:           1828 kB
LowTotal:         821272 kB
LowFree:           70936 kB
SwapTotal:        716796 kB
SwapFree:         438564 kB
Dirty:               244 kB
Writeback:             0 kB
AnonPages:        604588 kB
Mapped:            68728 kB
Shmem:              9452 kB
Slab:              25764 kB
SReclaimable:      11032 kB
SUnreclaim:        14732 kB
KernelStack:        3328 kB
PageTables:        10088 kB
NFS_Unstable:          0 kB
Bounce:                0 kB
WritebackTmp:          0 kB
CommitLimit:     1196300 kB
Committed_AS:    2991892 kB
VmallocTotal:     122880 kB
VmallocUsed:       35468 kB
VmallocChunk:      81032 kB
HardwareCorrupted:     0 kB
AnonHugePages:         0 kB
HugePages_Total:       0
HugePages_Free:        0
HugePages_Rsvd:        0
HugePages_Surp:        0
Hugepagesize:       4096 kB
DirectMap4k:      126968 kB
DirectMap4M:      782336 kB


CPU:total 2 (2 cores per cpu, 1 threads per core) family 6 model 14 stepping 8, cmov, cx8, fxsr, mmx, sse, sse2, sse3

Memory: 4k page, physical 959008k(72764k free), swap 716796k(438564k free)

vm_info: OpenJDK Client VM (20.0-b11) for linux-x86 JRE (1.6.0_23-b23), built on Oct  4 2011 14:32:59 by "buildd" with gcc 4.6.1

time: Mon Feb  6 13:26:40 2012
elapsed time: 1 seconds

