#
# A fatal error has been detected by the Java Runtime Environment:
#
#  Internal Error (javaClasses.cpp:79), pid=5142, tid=3079437168
#  fatal error: Invalid layout of preloaded class
#
# JRE version: 6.0_23-b23
# Java VM: OpenJDK Client VM (20.0-b11 mixed mode linux-x86 )
# Derivative: IcedTea6 1.11pre
# Distribution: Ubuntu oneiric (development branch), package 6b23~pre10-0ubuntu5
# If you would like to submit a bug report, please include
# instructions how to reproduce the bug and visit:
#   https://bugs.launchpad.net/ubuntu/+source/openjdk-6/
#

---------------  T H R E A D  ---------------

Current thread (0x09adec00):  JavaThread "Unknown thread" [_thread_in_vm, id=5148, stack(0xb7877000,0xb78c8000)]

Stack: [0xb7877000,0xb78c8000]
[error occurred during error reporting (printing stack bounds), id 0xb]


[error occurred during error reporting (printing native stack), id 0xb]


---------------  P R O C E S S  ---------------

Java Threads: ( => current thread )

Other Threads:

=>0x09adec00 (exited) JavaThread "Unknown thread" [_thread_in_vm, id=5148, stack(0xb7877000,0xb78c8000)]

VM state:not at safepoint (normal execution)

VM Mutex/Monitor currently owned by a thread: None

Heap
 def new generation   total 4544K, used 81K [0x93e70000, 0x94350000, 0x9db10000)
  eden space 4096K,   2% used [0x93e70000, 0x93e847c0, 0x94270000)
  from space 448K,   0% used [0x94270000, 0x94270000, 0x942e0000)
  to   space 448K,   0% used [0x942e0000, 0x942e0000, 0x94350000)
 tenured generation   total 10048K, used 0K [0x9db10000, 0x9e4e0000, 0xb1470000)
   the space 10048K,   0% used [0x9db10000, 0x9db10000, 0x9db10200, 0x9e4e0000)
 compacting perm gen  total 12288K, used 344K [0xb1470000, 0xb2070000, 0xb5470000)
   the space 12288K,   2% used [0xb1470000, 0xb14c6250, 0xb14c6400, 0xb2070000)
No shared spaces configured.

Code Cache  [0xb54ff000, 0xb5537000, 0xb74ff000)
 total_blobs=27 nmethods=0 adapters=13 free_code_cache=33336640 largest_free_block=64

Dynamic libraries:
00110000-001ee000 r-xp 00000000 08:05 1611067    /usr/lib/i386-linux-gnu/libstdc++.so.6.0.16
001ee000-001ef000 ---p 000de000 08:05 1611067    /usr/lib/i386-linux-gnu/libstdc++.so.6.0.16
001ef000-001f3000 r--p 000de000 08:05 1611067    /usr/lib/i386-linux-gnu/libstdc++.so.6.0.16
001f3000-001f4000 rw-p 000e2000 08:05 1611067    /usr/lib/i386-linux-gnu/libstdc++.so.6.0.16
001f4000-001fb000 rw-p 00000000 00:00 0 
001fb000-00223000 r-xp 00000000 08:05 1072902    /lib/i386-linux-gnu/libm-2.13.so
00223000-00224000 r--p 00028000 08:05 1072902    /lib/i386-linux-gnu/libm-2.13.so
00224000-00225000 rw-p 00029000 08:05 1072902    /lib/i386-linux-gnu/libm-2.13.so
00225000-00241000 r-xp 00000000 08:05 1072894    /lib/i386-linux-gnu/libgcc_s.so.1
00241000-00242000 r--p 0001b000 08:05 1072894    /lib/i386-linux-gnu/libgcc_s.so.1
00242000-00243000 rw-p 0001c000 08:05 1072894    /lib/i386-linux-gnu/libgcc_s.so.1
00243000-0024e000 r-xp 00000000 08:05 811893     /usr/lib/jvm/java-6-openjdk/jre/lib/i386/libverify.so
0024e000-0024f000 ---p 0000b000 08:05 811893     /usr/lib/jvm/java-6-openjdk/jre/lib/i386/libverify.so
0024f000-00250000 r--p 0000b000 08:05 811893     /usr/lib/jvm/java-6-openjdk/jre/lib/i386/libverify.so
00250000-00251000 rw-p 0000c000 08:05 811893     /usr/lib/jvm/java-6-openjdk/jre/lib/i386/libverify.so
00251000-00277000 r-xp 00000000 08:05 811864     /usr/lib/jvm/java-6-openjdk/jre/lib/i386/libjava.so
00277000-00278000 r--p 00025000 08:05 811864     /usr/lib/jvm/java-6-openjdk/jre/lib/i386/libjava.so
00278000-0027a000 rw-p 00026000 08:05 811864     /usr/lib/jvm/java-6-openjdk/jre/lib/i386/libjava.so
0027a000-002b8000 r-xp 00000000 08:05 811870     /usr/lib/jvm/java-6-openjdk/jre/lib/i386/libjdwp.so
002b8000-002b9000 r--p 0003d000 08:05 811870     /usr/lib/jvm/java-6-openjdk/jre/lib/i386/libjdwp.so
002b9000-002ba000 rw-p 0003e000 08:05 811870     /usr/lib/jvm/java-6-openjdk/jre/lib/i386/libjdwp.so
002ba000-002c2000 r-xp 00000000 08:05 1072905    /lib/i386-linux-gnu/libnss_compat-2.13.so
002c2000-002c3000 r--p 00007000 08:05 1072905    /lib/i386-linux-gnu/libnss_compat-2.13.so
002c3000-002c4000 rw-p 00008000 08:05 1072905    /lib/i386-linux-gnu/libnss_compat-2.13.so
002c4000-002d9000 r-xp 00000000 08:05 1072904    /lib/i386-linux-gnu/libnsl-2.13.so
002d9000-002da000 r--p 00015000 08:05 1072904    /lib/i386-linux-gnu/libnsl-2.13.so
002da000-002db000 rw-p 00016000 08:05 1072904    /lib/i386-linux-gnu/libnsl-2.13.so
002db000-002dd000 rw-p 00000000 00:00 0 
002dd000-002e4000 r-xp 00000000 08:05 811894     /usr/lib/jvm/java-6-openjdk/jre/lib/i386/libzip.so
002e4000-002e5000 r--p 00006000 08:05 811894     /usr/lib/jvm/java-6-openjdk/jre/lib/i386/libzip.so
002e5000-002e6000 rw-p 00007000 08:05 811894     /usr/lib/jvm/java-6-openjdk/jre/lib/i386/libzip.so
002e8000-002ef000 r-xp 00000000 08:05 1072914    /lib/i386-linux-gnu/librt-2.13.so
002ef000-002f0000 r--p 00006000 08:05 1072914    /lib/i386-linux-gnu/librt-2.13.so
002f0000-002f1000 rw-p 00007000 08:05 1072914    /lib/i386-linux-gnu/librt-2.13.so
002f1000-002fb000 r-xp 00000000 08:05 1072909    /lib/i386-linux-gnu/libnss_nis-2.13.so
002fb000-002fc000 r--p 00009000 08:05 1072909    /lib/i386-linux-gnu/libnss_nis-2.13.so
002fc000-002fd000 rw-p 0000a000 08:05 1072909    /lib/i386-linux-gnu/libnss_nis-2.13.so
0050d000-00524000 r-xp 00000000 08:05 1072912    /lib/i386-linux-gnu/libpthread-2.13.so
00524000-00525000 r--p 00016000 08:05 1072912    /lib/i386-linux-gnu/libpthread-2.13.so
00525000-00526000 rw-p 00017000 08:05 1072912    /lib/i386-linux-gnu/libpthread-2.13.so
00526000-00528000 rw-p 00000000 00:00 0 
00611000-0061c000 r-xp 00000000 08:05 1072907    /lib/i386-linux-gnu/libnss_files-2.13.so
0061c000-0061d000 r--p 0000a000 08:05 1072907    /lib/i386-linux-gnu/libnss_files-2.13.so
0061d000-0061e000 rw-p 0000b000 08:05 1072907    /lib/i386-linux-gnu/libnss_files-2.13.so
006a3000-006a7000 r-xp 00000000 08:05 811840     /usr/lib/jvm/java-6-openjdk/jre/lib/i386/jli/libjli.so
006a7000-006a8000 r--p 00003000 08:05 811840     /usr/lib/jvm/java-6-openjdk/jre/lib/i386/jli/libjli.so
006a8000-006a9000 rw-p 00004000 08:05 811840     /usr/lib/jvm/java-6-openjdk/jre/lib/i386/jli/libjli.so
00859000-0086c000 r-xp 00000000 08:05 1046589    /lib/i386-linux-gnu/libz.so.1.2.3.4
0086c000-0086d000 r--p 00012000 08:05 1046589    /lib/i386-linux-gnu/libz.so.1.2.3.4
0086d000-0086e000 rw-p 00013000 08:05 1046589    /lib/i386-linux-gnu/libz.so.1.2.3.4
008e6000-008e9000 r-xp 00000000 08:05 811888     /usr/lib/jvm/java-6-openjdk/jre/lib/i386/libnpt.so
008e9000-008ea000 r--p 00002000 08:05 811888     /usr/lib/jvm/java-6-openjdk/jre/lib/i386/libnpt.so
008ea000-008eb000 rw-p 00003000 08:05 811888     /usr/lib/jvm/java-6-openjdk/jre/lib/i386/libnpt.so
00917000-00918000 r-xp 00000000 00:00 0          [vdso]
0099e000-00b14000 r-xp 00000000 08:05 1072898    /lib/i386-linux-gnu/libc-2.13.so
00b14000-00b16000 r--p 00176000 08:05 1072898    /lib/i386-linux-gnu/libc-2.13.so
00b16000-00b17000 rw-p 00178000 08:05 1072898    /lib/i386-linux-gnu/libc-2.13.so
00b17000-00b1a000 rw-p 00000000 00:00 0 
00ba8000-00bc6000 r-xp 00000000 08:05 1072895    /lib/i386-linux-gnu/ld-2.13.so
00bc6000-00bc7000 r--p 0001d000 08:05 1072895    /lib/i386-linux-gnu/ld-2.13.so
00bc7000-00bc8000 rw-p 0001e000 08:05 1072895    /lib/i386-linux-gnu/ld-2.13.so
00c2a000-00c2d000 r-xp 00000000 08:05 1072901    /lib/i386-linux-gnu/libdl-2.13.so
00c2d000-00c2e000 r--p 00002000 08:05 1072901    /lib/i386-linux-gnu/libdl-2.13.so
00c2e000-00c2f000 rw-p 00003000 08:05 1072901    /lib/i386-linux-gnu/libdl-2.13.so
00c2f000-01142000 r-xp 00000000 08:05 790265     /usr/lib/jvm/java-6-openjdk/jre/lib/i386/client/libjvm.so
01142000-01159000 r--p 00512000 08:05 790265     /usr/lib/jvm/java-6-openjdk/jre/lib/i386/client/libjvm.so
01159000-01166000 rw-p 00529000 08:05 790265     /usr/lib/jvm/java-6-openjdk/jre/lib/i386/client/libjvm.so
01166000-0157e000 rw-p 00000000 00:00 0 
08048000-08051000 r-xp 00000000 08:05 945264     /usr/lib/jvm/java-6-openjdk/jre/bin/java
08051000-08052000 r--p 00008000 08:05 945264     /usr/lib/jvm/java-6-openjdk/jre/bin/java
08052000-08053000 rw-p 00009000 08:05 945264     /usr/lib/jvm/java-6-openjdk/jre/bin/java
09ad6000-09b38000 rw-p 00000000 00:00 0          [heap]
93ac6000-93ac8000 r--s 00009000 08:06 1183366    /home/tiago/lejos_nxj/lib/pc/3rdparty/commons-cli.jar
93ac8000-93ad2000 r--s 00079000 08:06 1183332    /home/tiago/lejos_nxj/lib/pc/3rdparty/bcel.jar
93ad2000-93ad3000 r--s 00015000 08:06 1183349    /home/tiago/lejos_nxj/lib/pc/3rdparty/bluecove-gpl.jar
93ad3000-93ad8000 r--s 00081000 08:06 1183365    /home/tiago/lejos_nxj/lib/pc/3rdparty/bluecove.jar
93ad8000-93ada000 r--s 00015000 08:06 1183370    /home/tiago/lejos_nxj/lib/pc/jtools.jar
93ada000-93ae0000 r--s 00042000 08:06 1183518    /home/tiago/lejos_nxj/lib/pc/pccomm.jar
93ae0000-93ae3000 r--s 00028000 08:06 1183561    /home/tiago/lejos_nxj/lib/pc/pctools.jar
93ae3000-93b16000 rw-p 00000000 00:00 0 
93b16000-93ca6000 r--s 037b6000 08:05 787039     /usr/lib/jvm/java-6-openjdk/jre/lib/rt.jar
93ca6000-93cad000 rw-p 00000000 00:00 0 
93cad000-93cc7000 rw-p 00000000 00:00 0 
93cc7000-93ccc000 rw-p 00000000 00:00 0 
93ccc000-93d64000 rw-p 00000000 00:00 0 
93d64000-93d67000 rw-p 00000000 00:00 0 
93d67000-93db2000 rw-p 00000000 00:00 0 
93db2000-93db8000 rw-p 00000000 00:00 0 
93db8000-93e4f000 rw-p 00000000 00:00 0 
93e4f000-93e55000 rw-p 00000000 00:00 0 
93e55000-93e6f000 rw-p 00000000 00:00 0 
93e6f000-94350000 rw-p 00000000 00:00 0 
94350000-9db10000 rw-p 00000000 00:00 0 
9db10000-9e4e0000 rw-p 00000000 00:00 0 
9e4e0000-b1470000 rw-p 00000000 00:00 0 
b1470000-b2070000 rw-p 00000000 00:00 0 
b2070000-b5470000 rw-p 00000000 00:00 0 
b547f000-b5480000 rw-p 00000000 00:00 0 
b5480000-b54ff000 rw-p 00000000 00:00 0 
b54ff000-b5537000 rwxp 00000000 00:00 0 
b5537000-b74ff000 rw-p 00000000 00:00 0 
b74ff000-b7507000 rw-s 00000000 08:05 561180     /tmp/hsperfdata_tiago/5142
b7507000-b7677000 r--p 002a8000 08:05 1572584    /usr/lib/locale/locale-archive
b7677000-b7877000 r--p 00000000 08:05 1572584    /usr/lib/locale/locale-archive
b7877000-b787a000 ---p 00000000 00:00 0 
b787a000-b78cb000 rw-p 00000000 00:00 0 
b78dc000-b78e9000 r--s 0009b000 08:06 1183319    /home/tiago/lejos_nxj/lib/nxt/classes.jar
b78e9000-b78ea000 r--p 002a6000 08:05 1572584    /usr/lib/locale/locale-archive
b78ea000-b78eb000 rw-p 00000000 00:00 0 
b78eb000-b78ec000 r--p 00000000 00:00 0 
b78ec000-b78ee000 rw-p 00000000 00:00 0 
bfa19000-bfa3a000 rw-p 00000000 00:00 0          [stack]

VM Arguments:
jvm_args: -agentlib:jdwp=transport=dt_socket,suspend=y,address=localhost:57062 -Dfile.encoding=UTF-8 -Xbootclasspath/p:/home/tiago/lejos_nxj/lib/nxt/classes.jar -Xbootclasspath/a:/home/tiago/lejos_nxj/lib/pc/pctools.jar:/home/tiago/lejos_nxj/lib/pc/pccomm.jar:/home/tiago/lejos_nxj/lib/pc/jtools.jar:/home/tiago/lejos_nxj/lib/pc/3rdparty/bluecove.jar:/home/tiago/lejos_nxj/lib/pc/3rdparty/bluecove-gpl.jar:/home/tiago/lejos_nxj/lib/pc/3rdparty/bcel.jar:/home/tiago/lejos_nxj/lib/pc/3rdparty/commons-cli.jar 
java_command: NXTremoteControl_TA
Launcher Type: SUN_STANDARD

Environment Variables:
PATH=/home/tiago/bin:/usr/lib/lightdm/lightdm:/usr/local/sbin:/usr/local/bin:/usr/sbin:/usr/bin:/sbin:/bin:/usr/games
USERNAME=tiago
LD_LIBRARY_PATH=/usr/lib/jvm/java-6-openjdk/jre/lib/i386/client:/usr/lib/jvm/java-6-openjdk/jre/lib/i386:/usr/lib/jvm/java-6-openjdk/jre/../lib/i386:/usr/lib/jvm/java-6-openjdk/jre/lib/i386/client:/usr/lib/jvm/java-6-openjdk/jre/lib/i386:
SHELL=/bin/bash
DISPLAY=:0.0

Signal Handlers:
SIGSEGV: [libjvm.so+0x3e3640], sa_mask[0]=0x7ffbfeff, sa_flags=0x10000004
SIGBUS: [libjvm.so+0x3e3640], sa_mask[0]=0x7ffbfeff, sa_flags=0x10000004
SIGFPE: [libjvm.so+0x300e10], sa_mask[0]=0x7ffbfeff, sa_flags=0x10000004
SIGPIPE: [libjvm.so+0x300e10], sa_mask[0]=0x7ffbfeff, sa_flags=0x10000004
SIGXFSZ: [libjvm.so+0x300e10], sa_mask[0]=0x7ffbfeff, sa_flags=0x10000004
SIGILL: [libjvm.so+0x300e10], sa_mask[0]=0x7ffbfeff, sa_flags=0x10000004
SIGUSR1: SIG_DFL, sa_mask[0]=0x00000000, sa_flags=0x00000000
SIGUSR2: [libjvm.so+0x300ca0], sa_mask[0]=0x00000004, sa_flags=0x10000004
SIGHUP: SIG_DFL, sa_mask[0]=0x00000000, sa_flags=0x00000000
SIGINT: SIG_DFL, sa_mask[0]=0x00000000, sa_flags=0x00000000
SIGTERM: SIG_DFL, sa_mask[0]=0x00000000, sa_flags=0x00000000
SIGQUIT: SIG_DFL, sa_mask[0]=0x00000000, sa_flags=0x00000000


---------------  S Y S T E M  ---------------

OS:Ubuntu 11.10 (oneiric)
uname:Linux 3.0.0-12-generic #20-Ubuntu SMP Fri Oct 7 14:50:42 UTC 2011 i686
libc:glibc 2.13 NPTL 2.13 
rlimit: STACK 8192k, CORE 0k, NPROC 7382, NOFILE 4096, AS infinity
load average:0,35 0,17 0,33

/proc/meminfo:
MemTotal:         959008 kB
MemFree:           76348 kB
Buffers:            1916 kB
Cached:           119672 kB
SwapCached:        65384 kB
Active:           378356 kB
Inactive:         389604 kB
Active(anon):     323492 kB
Inactive(anon):   332368 kB
Active(file):      54864 kB
Inactive(file):    57236 kB
Unevictable:          16 kB
Mlocked:              16 kB
HighTotal:        137736 kB
HighFree:           1828 kB
LowTotal:         821272 kB
LowFree:           74520 kB
SwapTotal:        716796 kB
SwapFree:         438160 kB
Dirty:               852 kB
Writeback:             0 kB
AnonPages:        603592 kB
Mapped:            64872 kB
Shmem:              9392 kB
Slab:              25516 kB
SReclaimable:      10828 kB
SUnreclaim:        14688 kB
KernelStack:        3280 kB
PageTables:        10072 kB
NFS_Unstable:          0 kB
Bounce:                0 kB
WritebackTmp:          0 kB
CommitLimit:     1196300 kB
Committed_AS:    2992428 kB
VmallocTotal:     122880 kB
VmallocUsed:       35468 kB
VmallocChunk:      81032 kB
HardwareCorrupted:     0 kB
AnonHugePages:         0 kB
HugePages_Total:       0
HugePages_Free:        0
HugePages_Rsvd:        0
HugePages_Surp:        0
Hugepagesize:       4096 kB
DirectMap4k:      126968 kB
DirectMap4M:      782336 kB


CPU:total 2 (2 cores per cpu, 1 threads per core) family 6 model 14 stepping 8, cmov, cx8, fxsr, mmx, sse, sse2, sse3

Memory: 4k page, physical 959008k(76348k free), swap 716796k(438160k free)

vm_info: OpenJDK Client VM (20.0-b11) for linux-x86 JRE (1.6.0_23-b23), built on Oct  4 2011 14:32:59 by "buildd" with gcc 4.6.1

time: Mon Feb  6 13:40:25 2012
elapsed time: 0 seconds

